2020-03-30 20:19:52 INFO  Version:37 - HCANN000001: Hibernate Commons Annotations {4.0.1.Final}
2020-03-30 20:19:52 INFO  Version:41 - HHH000412: Hibernate Core {4.1.8.Final}
2020-03-30 20:19:52 INFO  Environment:239 - HHH000206: hibernate.properties not found
2020-03-30 20:19:52 INFO  Environment:342 - HHH000021: Bytecode provider name : javassist
2020-03-30 20:20:23 INFO  Version:37 - HCANN000001: Hibernate Commons Annotations {4.0.1.Final}
2020-03-30 20:20:23 INFO  Version:41 - HHH000412: Hibernate Core {4.1.8.Final}
2020-03-30 20:20:23 INFO  Environment:239 - HHH000206: hibernate.properties not found
2020-03-30 20:20:23 INFO  Environment:342 - HHH000021: Bytecode provider name : javassist
2020-03-30 20:22:05 INFO  Version:37 - HCANN000001: Hibernate Commons Annotations {4.0.1.Final}
2020-03-30 20:22:05 INFO  Version:41 - HHH000412: Hibernate Core {4.1.8.Final}
2020-03-30 20:22:05 INFO  Environment:239 - HHH000206: hibernate.properties not found
2020-03-30 20:22:05 INFO  Environment:342 - HHH000021: Bytecode provider name : javassist
2020-03-30 20:23:51 INFO  Version:37 - HCANN000001: Hibernate Commons Annotations {4.0.1.Final}
2020-03-30 20:23:51 INFO  Version:41 - HHH000412: Hibernate Core {4.1.8.Final}
2020-03-30 20:23:51 INFO  Environment:239 - HHH000206: hibernate.properties not found
2020-03-30 20:23:51 INFO  Environment:342 - HHH000021: Bytecode provider name : javassist
2020-03-30 20:24:03 INFO  Version:37 - HCANN000001: Hibernate Commons Annotations {4.0.1.Final}
2020-03-30 20:24:03 INFO  Version:41 - HHH000412: Hibernate Core {4.1.8.Final}
2020-03-30 20:24:03 INFO  Environment:239 - HHH000206: hibernate.properties not found
2020-03-30 20:24:03 INFO  Environment:342 - HHH000021: Bytecode provider name : javassist
2020-03-30 20:24:28 INFO  Version:37 - HCANN000001: Hibernate Commons Annotations {4.0.1.Final}
2020-03-30 20:24:28 INFO  Version:41 - HHH000412: Hibernate Core {4.1.8.Final}
2020-03-30 20:24:28 INFO  Environment:239 - HHH000206: hibernate.properties not found
2020-03-30 20:24:28 INFO  Environment:342 - HHH000021: Bytecode provider name : javassist
2020-03-30 20:34:34 INFO  LogHelper:31 - HHH000204: Processing PersistenceUnitInfo [name: sportify]
2020-03-30 20:34:35 INFO  Version:46 - HHH000412: Hibernate Core {5.4.1.Final}
2020-03-30 20:34:35 INFO  Version:49 - HCANN000001: Hibernate Commons Annotations {5.1.0.Final}
2020-03-30 20:34:35 WARN  pooling:72 - HHH10001002: Using Hibernate built-in connection pool (not for production use!)
2020-03-30 20:34:35 INFO  pooling:115 - HHH10001005: using driver [com.mysql.jdbc.Driver] at URL [jdbc:mysql://localhost:3306/sportify]
2020-03-30 20:34:35 INFO  pooling:124 - HHH10001001: Connection properties: {user=root}
2020-03-30 20:34:35 INFO  pooling:129 - HHH10001003: Autocommit mode: false
2020-03-30 20:34:35 INFO  DriverManagerConnectionProviderImpl:239 - HHH000115: Hibernate connection pool size: 20 (min=1)
2020-03-30 20:34:40 INFO  Dialect:158 - HHH000400: Using dialect: org.hibernate.dialect.MySQLDialect
2020-03-30 20:34:41 INFO  access:47 - HHH10001501: Connection obtained from JdbcConnectionAccess [org.hibernate.engine.jdbc.env.internal.JdbcEnvironmentInitiator$ConnectionProviderJdbcConnectionAccess@758f4f03] for (non-JTA) DDL execution was not in auto-commit mode; the Connection 'local transaction' will be committed and the Connection will be set into auto-commit mode.
2020-03-30 20:34:41 INFO  access:47 - HHH10001501: Connection obtained from JdbcConnectionAccess [org.hibernate.engine.jdbc.env.internal.JdbcEnvironmentInitiator$ConnectionProviderJdbcConnectionAccess@61a002b1] for (non-JTA) DDL execution was not in auto-commit mode; the Connection 'local transaction' will be committed and the Connection will be set into auto-commit mode.
2020-03-30 20:34:41 WARN  ExceptionHandlerLoggedImpl:27 - GenerationTarget encountered exception accepting command : Error executing DDL "create table User (userName varchar(255) not null, primary key (userName)) type=MyISAM" via JDBC Statement
org.hibernate.tool.schema.spi.CommandAcceptanceException: Error executing DDL "create table User (userName varchar(255) not null, primary key (userName)) type=MyISAM" via JDBC Statement
	at org.hibernate.tool.schema.internal.exec.GenerationTargetToDatabase.accept(GenerationTargetToDatabase.java:67)
	at org.hibernate.tool.schema.internal.SchemaCreatorImpl.applySqlString(SchemaCreatorImpl.java:440)
	at org.hibernate.tool.schema.internal.SchemaCreatorImpl.applySqlStrings(SchemaCreatorImpl.java:424)
	at org.hibernate.tool.schema.internal.SchemaCreatorImpl.createFromMetadata(SchemaCreatorImpl.java:315)
	at org.hibernate.tool.schema.internal.SchemaCreatorImpl.performCreation(SchemaCreatorImpl.java:166)
	at org.hibernate.tool.schema.internal.SchemaCreatorImpl.doCreation(SchemaCreatorImpl.java:135)
	at org.hibernate.tool.schema.internal.SchemaCreatorImpl.doCreation(SchemaCreatorImpl.java:121)
	at org.hibernate.tool.schema.spi.SchemaManagementToolCoordinator.performDatabaseAction(SchemaManagementToolCoordinator.java:155)
	at org.hibernate.tool.schema.spi.SchemaManagementToolCoordinator.process(SchemaManagementToolCoordinator.java:72)
	at org.hibernate.internal.SessionFactoryImpl.<init>(SessionFactoryImpl.java:309)
	at org.hibernate.boot.internal.SessionFactoryBuilderImpl.build(SessionFactoryBuilderImpl.java:462)
	at org.hibernate.jpa.boot.internal.EntityManagerFactoryBuilderImpl.build(EntityManagerFactoryBuilderImpl.java:938)
	at org.hibernate.jpa.HibernatePersistenceProvider.createEntityManagerFactory(HibernatePersistenceProvider.java:56)
	at javax.persistence.Persistence.createEntityManagerFactory(Persistence.java:79)
	at BL.Server.ServerSystem.createEntityManagerFactory(ServerSystem.java:117)
	at BL.Server.ServerSystem.createEntityManagerFactory(ServerSystem.java:72)
	at BL.Server.ServerSystem.main(ServerSystem.java:122)
Caused by: com.mysql.jdbc.exceptions.jdbc4.MySQLSyntaxErrorException: You have an error in your SQL syntax; check the manual that corresponds to your MySQL server version for the right syntax to use near 'type=MyISAM' at line 1
	at sun.reflect.NativeConstructorAccessorImpl.newInstance0(Native Method)
	at sun.reflect.NativeConstructorAccessorImpl.newInstance(NativeConstructorAccessorImpl.java:62)
	at sun.reflect.DelegatingConstructorAccessorImpl.newInstance(DelegatingConstructorAccessorImpl.java:45)
	at java.lang.reflect.Constructor.newInstance(Constructor.java:423)
	at com.mysql.jdbc.Util.handleNewInstance(Util.java:411)
	at com.mysql.jdbc.Util.getInstance(Util.java:386)
	at com.mysql.jdbc.SQLError.createSQLException(SQLError.java:1053)
	at com.mysql.jdbc.MysqlIO.checkErrorPacket(MysqlIO.java:4074)
	at com.mysql.jdbc.MysqlIO.checkErrorPacket(MysqlIO.java:4006)
	at com.mysql.jdbc.MysqlIO.sendCommand(MysqlIO.java:2468)
	at com.mysql.jdbc.MysqlIO.sqlQueryDirect(MysqlIO.java:2629)
	at com.mysql.jdbc.ConnectionImpl.execSQL(ConnectionImpl.java:2713)
	at com.mysql.jdbc.ConnectionImpl.execSQL(ConnectionImpl.java:2663)
	at com.mysql.jdbc.StatementImpl.execute(StatementImpl.java:888)
	at com.mysql.jdbc.StatementImpl.execute(StatementImpl.java:730)
	at org.hibernate.tool.schema.internal.exec.GenerationTargetToDatabase.accept(GenerationTargetToDatabase.java:54)
	... 16 more
2020-03-30 20:34:41 INFO  JtaPlatformInitiator:52 - HHH000490: Using JtaPlatform implementation: [org.hibernate.engine.transaction.jta.platform.internal.NoJtaPlatform]
2020-03-30 20:35:15 INFO  LogHelper:31 - HHH000204: Processing PersistenceUnitInfo [name: sportify]
2020-03-30 20:35:16 INFO  Version:46 - HHH000412: Hibernate Core {5.4.1.Final}
2020-03-30 20:35:16 INFO  Version:49 - HCANN000001: Hibernate Commons Annotations {5.1.0.Final}
2020-03-30 20:35:16 WARN  pooling:72 - HHH10001002: Using Hibernate built-in connection pool (not for production use!)
2020-03-30 20:35:16 INFO  pooling:115 - HHH10001005: using driver [com.mysql.jdbc.Driver] at URL [jdbc:mysql://localhost:3306/sportify]
2020-03-30 20:35:16 INFO  pooling:124 - HHH10001001: Connection properties: {user=root}
2020-03-30 20:35:16 INFO  pooling:129 - HHH10001003: Autocommit mode: false
2020-03-30 20:35:16 INFO  DriverManagerConnectionProviderImpl:239 - HHH000115: Hibernate connection pool size: 20 (min=1)
2020-03-30 20:35:16 INFO  Dialect:158 - HHH000400: Using dialect: org.hibernate.dialect.MySQLDialect
2020-03-30 20:35:17 INFO  access:47 - HHH10001501: Connection obtained from JdbcConnectionAccess [org.hibernate.engine.jdbc.env.internal.JdbcEnvironmentInitiator$ConnectionProviderJdbcConnectionAccess@758f4f03] for (non-JTA) DDL execution was not in auto-commit mode; the Connection 'local transaction' will be committed and the Connection will be set into auto-commit mode.
2020-03-30 20:35:17 INFO  access:47 - HHH10001501: Connection obtained from JdbcConnectionAccess [org.hibernate.engine.jdbc.env.internal.JdbcEnvironmentInitiator$ConnectionProviderJdbcConnectionAccess@61a002b1] for (non-JTA) DDL execution was not in auto-commit mode; the Connection 'local transaction' will be committed and the Connection will be set into auto-commit mode.
2020-03-30 20:35:17 WARN  ExceptionHandlerLoggedImpl:27 - GenerationTarget encountered exception accepting command : Error executing DDL "create table User (userName varchar(255) not null, primary key (userName)) type=MyISAM" via JDBC Statement
org.hibernate.tool.schema.spi.CommandAcceptanceException: Error executing DDL "create table User (userName varchar(255) not null, primary key (userName)) type=MyISAM" via JDBC Statement
	at org.hibernate.tool.schema.internal.exec.GenerationTargetToDatabase.accept(GenerationTargetToDatabase.java:67)
	at org.hibernate.tool.schema.internal.SchemaCreatorImpl.applySqlString(SchemaCreatorImpl.java:440)
	at org.hibernate.tool.schema.internal.SchemaCreatorImpl.applySqlStrings(SchemaCreatorImpl.java:424)
	at org.hibernate.tool.schema.internal.SchemaCreatorImpl.createFromMetadata(SchemaCreatorImpl.java:315)
	at org.hibernate.tool.schema.internal.SchemaCreatorImpl.performCreation(SchemaCreatorImpl.java:166)
	at org.hibernate.tool.schema.internal.SchemaCreatorImpl.doCreation(SchemaCreatorImpl.java:135)
	at org.hibernate.tool.schema.internal.SchemaCreatorImpl.doCreation(SchemaCreatorImpl.java:121)
	at org.hibernate.tool.schema.spi.SchemaManagementToolCoordinator.performDatabaseAction(SchemaManagementToolCoordinator.java:155)
	at org.hibernate.tool.schema.spi.SchemaManagementToolCoordinator.process(SchemaManagementToolCoordinator.java:72)
	at org.hibernate.internal.SessionFactoryImpl.<init>(SessionFactoryImpl.java:309)
	at org.hibernate.boot.internal.SessionFactoryBuilderImpl.build(SessionFactoryBuilderImpl.java:462)
	at org.hibernate.jpa.boot.internal.EntityManagerFactoryBuilderImpl.build(EntityManagerFactoryBuilderImpl.java:938)
	at org.hibernate.jpa.HibernatePersistenceProvider.createEntityManagerFactory(HibernatePersistenceProvider.java:56)
	at javax.persistence.Persistence.createEntityManagerFactory(Persistence.java:79)
	at BL.Server.ServerSystem.createEntityManagerFactory(ServerSystem.java:117)
	at BL.Server.ServerSystem.createEntityManagerFactory(ServerSystem.java:72)
	at BL.Server.ServerSystem.main(ServerSystem.java:122)
Caused by: com.mysql.jdbc.exceptions.jdbc4.MySQLSyntaxErrorException: You have an error in your SQL syntax; check the manual that corresponds to your MySQL server version for the right syntax to use near 'type=MyISAM' at line 1
	at sun.reflect.NativeConstructorAccessorImpl.newInstance0(Native Method)
	at sun.reflect.NativeConstructorAccessorImpl.newInstance(NativeConstructorAccessorImpl.java:62)
	at sun.reflect.DelegatingConstructorAccessorImpl.newInstance(DelegatingConstructorAccessorImpl.java:45)
	at java.lang.reflect.Constructor.newInstance(Constructor.java:423)
	at com.mysql.jdbc.Util.handleNewInstance(Util.java:411)
	at com.mysql.jdbc.Util.getInstance(Util.java:386)
	at com.mysql.jdbc.SQLError.createSQLException(SQLError.java:1053)
	at com.mysql.jdbc.MysqlIO.checkErrorPacket(MysqlIO.java:4074)
	at com.mysql.jdbc.MysqlIO.checkErrorPacket(MysqlIO.java:4006)
	at com.mysql.jdbc.MysqlIO.sendCommand(MysqlIO.java:2468)
	at com.mysql.jdbc.MysqlIO.sqlQueryDirect(MysqlIO.java:2629)
	at com.mysql.jdbc.ConnectionImpl.execSQL(ConnectionImpl.java:2713)
	at com.mysql.jdbc.ConnectionImpl.execSQL(ConnectionImpl.java:2663)
	at com.mysql.jdbc.StatementImpl.execute(StatementImpl.java:888)
	at com.mysql.jdbc.StatementImpl.execute(StatementImpl.java:730)
	at org.hibernate.tool.schema.internal.exec.GenerationTargetToDatabase.accept(GenerationTargetToDatabase.java:54)
	... 16 more
2020-03-30 20:35:17 INFO  JtaPlatformInitiator:52 - HHH000490: Using JtaPlatform implementation: [org.hibernate.engine.transaction.jta.platform.internal.NoJtaPlatform]
2020-03-30 20:35:30 INFO  LogHelper:31 - HHH000204: Processing PersistenceUnitInfo [name: sportify]
2020-03-30 20:35:30 INFO  Version:46 - HHH000412: Hibernate Core {5.4.1.Final}
2020-03-30 20:35:30 INFO  Version:49 - HCANN000001: Hibernate Commons Annotations {5.1.0.Final}
2020-03-30 20:35:30 WARN  pooling:72 - HHH10001002: Using Hibernate built-in connection pool (not for production use!)
2020-03-30 20:35:30 INFO  pooling:115 - HHH10001005: using driver [com.mysql.jdbc.Driver] at URL [jdbc:mysql://localhost:3306/sportify]
2020-03-30 20:35:30 INFO  pooling:124 - HHH10001001: Connection properties: {user=root, password=****}
2020-03-30 20:35:30 INFO  pooling:129 - HHH10001003: Autocommit mode: false
2020-03-30 20:35:30 INFO  DriverManagerConnectionProviderImpl:239 - HHH000115: Hibernate connection pool size: 20 (min=1)
2020-03-30 20:35:31 WARN  JdbcEnvironmentInitiator:132 - HHH000342: Could not obtain connection to query metadata : null
2020-03-30 20:35:31 INFO  Dialect:158 - HHH000400: Using dialect: org.hibernate.dialect.MySQLDialect
2020-03-30 20:35:31 WARN  SqlExceptionHelper:137 - SQL Error: 1045, SQLState: 28000
2020-03-30 20:35:31 ERROR SqlExceptionHelper:142 - Access denied for user 'root'@'localhost' (using password: YES)
2020-03-30 20:37:19 INFO  LogHelper:31 - HHH000204: Processing PersistenceUnitInfo [name: sportify]
2020-03-30 20:37:19 INFO  Version:46 - HHH000412: Hibernate Core {5.4.1.Final}
2020-03-30 20:37:19 INFO  Version:49 - HCANN000001: Hibernate Commons Annotations {5.1.0.Final}
2020-03-30 20:37:19 WARN  pooling:72 - HHH10001002: Using Hibernate built-in connection pool (not for production use!)
2020-03-30 20:37:37 INFO  LogHelper:31 - HHH000204: Processing PersistenceUnitInfo [name: sportify]
2020-03-30 20:37:37 INFO  Version:46 - HHH000412: Hibernate Core {5.4.1.Final}
2020-03-30 20:37:37 INFO  Version:49 - HCANN000001: Hibernate Commons Annotations {5.1.0.Final}
2020-03-30 20:37:38 WARN  pooling:72 - HHH10001002: Using Hibernate built-in connection pool (not for production use!)
2020-03-30 20:37:38 INFO  pooling:115 - HHH10001005: using driver [com.mysql.jdbc.Driver] at URL [jdbc:mysql://localhost:3306/sportify]
2020-03-30 20:37:38 INFO  pooling:124 - HHH10001001: Connection properties: {user=root}
2020-03-30 20:37:38 INFO  pooling:129 - HHH10001003: Autocommit mode: false
2020-03-30 20:37:38 INFO  DriverManagerConnectionProviderImpl:239 - HHH000115: Hibernate connection pool size: 20 (min=1)
2020-03-30 20:37:38 INFO  Dialect:158 - HHH000400: Using dialect: org.hibernate.dialect.MySQLDialect
2020-03-30 20:37:39 INFO  access:47 - HHH10001501: Connection obtained from JdbcConnectionAccess [org.hibernate.engine.jdbc.env.internal.JdbcEnvironmentInitiator$ConnectionProviderJdbcConnectionAccess@758f4f03] for (non-JTA) DDL execution was not in auto-commit mode; the Connection 'local transaction' will be committed and the Connection will be set into auto-commit mode.
2020-03-30 20:37:39 INFO  access:47 - HHH10001501: Connection obtained from JdbcConnectionAccess [org.hibernate.engine.jdbc.env.internal.JdbcEnvironmentInitiator$ConnectionProviderJdbcConnectionAccess@61a002b1] for (non-JTA) DDL execution was not in auto-commit mode; the Connection 'local transaction' will be committed and the Connection will be set into auto-commit mode.
2020-03-30 20:37:39 WARN  ExceptionHandlerLoggedImpl:27 - GenerationTarget encountered exception accepting command : Error executing DDL "create table User (userName varchar(255) not null, primary key (userName)) type=MyISAM" via JDBC Statement
org.hibernate.tool.schema.spi.CommandAcceptanceException: Error executing DDL "create table User (userName varchar(255) not null, primary key (userName)) type=MyISAM" via JDBC Statement
	at org.hibernate.tool.schema.internal.exec.GenerationTargetToDatabase.accept(GenerationTargetToDatabase.java:67)
	at org.hibernate.tool.schema.internal.SchemaCreatorImpl.applySqlString(SchemaCreatorImpl.java:440)
	at org.hibernate.tool.schema.internal.SchemaCreatorImpl.applySqlStrings(SchemaCreatorImpl.java:424)
	at org.hibernate.tool.schema.internal.SchemaCreatorImpl.createFromMetadata(SchemaCreatorImpl.java:315)
	at org.hibernate.tool.schema.internal.SchemaCreatorImpl.performCreation(SchemaCreatorImpl.java:166)
	at org.hibernate.tool.schema.internal.SchemaCreatorImpl.doCreation(SchemaCreatorImpl.java:135)
	at org.hibernate.tool.schema.internal.SchemaCreatorImpl.doCreation(SchemaCreatorImpl.java:121)
	at org.hibernate.tool.schema.spi.SchemaManagementToolCoordinator.performDatabaseAction(SchemaManagementToolCoordinator.java:155)
	at org.hibernate.tool.schema.spi.SchemaManagementToolCoordinator.process(SchemaManagementToolCoordinator.java:72)
	at org.hibernate.internal.SessionFactoryImpl.<init>(SessionFactoryImpl.java:309)
	at org.hibernate.boot.internal.SessionFactoryBuilderImpl.build(SessionFactoryBuilderImpl.java:462)
	at org.hibernate.jpa.boot.internal.EntityManagerFactoryBuilderImpl.build(EntityManagerFactoryBuilderImpl.java:938)
	at org.hibernate.jpa.HibernatePersistenceProvider.createEntityManagerFactory(HibernatePersistenceProvider.java:56)
	at javax.persistence.Persistence.createEntityManagerFactory(Persistence.java:79)
	at BL.Server.ServerSystem.createEntityManagerFactory(ServerSystem.java:117)
	at BL.Server.ServerSystem.createEntityManagerFactory(ServerSystem.java:72)
	at BL.Server.ServerSystem.main(ServerSystem.java:122)
Caused by: com.mysql.jdbc.exceptions.jdbc4.MySQLSyntaxErrorException: You have an error in your SQL syntax; check the manual that corresponds to your MySQL server version for the right syntax to use near 'type=MyISAM' at line 1
	at sun.reflect.NativeConstructorAccessorImpl.newInstance0(Native Method)
	at sun.reflect.NativeConstructorAccessorImpl.newInstance(NativeConstructorAccessorImpl.java:62)
	at sun.reflect.DelegatingConstructorAccessorImpl.newInstance(DelegatingConstructorAccessorImpl.java:45)
	at java.lang.reflect.Constructor.newInstance(Constructor.java:423)
	at com.mysql.jdbc.Util.handleNewInstance(Util.java:411)
	at com.mysql.jdbc.Util.getInstance(Util.java:386)
	at com.mysql.jdbc.SQLError.createSQLException(SQLError.java:1053)
	at com.mysql.jdbc.MysqlIO.checkErrorPacket(MysqlIO.java:4074)
	at com.mysql.jdbc.MysqlIO.checkErrorPacket(MysqlIO.java:4006)
	at com.mysql.jdbc.MysqlIO.sendCommand(MysqlIO.java:2468)
	at com.mysql.jdbc.MysqlIO.sqlQueryDirect(MysqlIO.java:2629)
	at com.mysql.jdbc.ConnectionImpl.execSQL(ConnectionImpl.java:2713)
	at com.mysql.jdbc.ConnectionImpl.execSQL(ConnectionImpl.java:2663)
	at com.mysql.jdbc.StatementImpl.execute(StatementImpl.java:888)
	at com.mysql.jdbc.StatementImpl.execute(StatementImpl.java:730)
	at org.hibernate.tool.schema.internal.exec.GenerationTargetToDatabase.accept(GenerationTargetToDatabase.java:54)
	... 16 more
2020-03-30 20:37:39 INFO  JtaPlatformInitiator:52 - HHH000490: Using JtaPlatform implementation: [org.hibernate.engine.transaction.jta.platform.internal.NoJtaPlatform]
2020-03-30 20:54:58 INFO  LogHelper:31 - HHH000204: Processing PersistenceUnitInfo [name: sportify]
2020-03-30 20:54:58 INFO  Version:46 - HHH000412: Hibernate Core {5.4.1.Final}
2020-03-30 20:54:58 INFO  Version:49 - HCANN000001: Hibernate Commons Annotations {5.1.0.Final}
2020-03-30 20:54:58 WARN  pooling:72 - HHH10001002: Using Hibernate built-in connection pool (not for production use!)
2020-03-30 20:54:58 INFO  pooling:115 - HHH10001005: using driver [com.mysql.jdbc.Driver] at URL [jdbc:mysql://localhost:3306/sportify]
2020-03-30 20:54:58 INFO  pooling:124 - HHH10001001: Connection properties: {user=root}
2020-03-30 20:54:58 INFO  pooling:129 - HHH10001003: Autocommit mode: false
2020-03-30 20:54:58 INFO  DriverManagerConnectionProviderImpl:239 - HHH000115: Hibernate connection pool size: 20 (min=1)
2020-03-30 20:54:59 WARN  JdbcEnvironmentInitiator:132 - HHH000342: Could not obtain connection to query metadata : null
2020-03-30 20:54:59 INFO  Dialect:158 - HHH000400: Using dialect: org.hibernate.dialect.MySQLDialect
2020-03-30 20:54:59 WARN  SqlExceptionHelper:137 - SQL Error: 1049, SQLState: 42000
2020-03-30 20:54:59 ERROR SqlExceptionHelper:142 - Unknown database 'sportify'
2020-03-30 20:55:50 INFO  LogHelper:31 - HHH000204: Processing PersistenceUnitInfo [name: sportify]
2020-03-30 20:55:50 INFO  Version:46 - HHH000412: Hibernate Core {5.4.1.Final}
2020-03-30 20:55:50 INFO  Version:49 - HCANN000001: Hibernate Commons Annotations {5.1.0.Final}
2020-03-30 20:55:50 WARN  pooling:72 - HHH10001002: Using Hibernate built-in connection pool (not for production use!)
2020-03-30 20:55:50 INFO  pooling:115 - HHH10001005: using driver [com.mysql.jdbc.Driver] at URL [jdbc:mysql://localhost:3306/sportify]
2020-03-30 20:55:50 INFO  pooling:124 - HHH10001001: Connection properties: {user=root}
2020-03-30 20:55:50 INFO  pooling:129 - HHH10001003: Autocommit mode: false
2020-03-30 20:55:50 INFO  DriverManagerConnectionProviderImpl:239 - HHH000115: Hibernate connection pool size: 20 (min=1)
2020-03-30 20:55:51 INFO  Dialect:158 - HHH000400: Using dialect: org.hibernate.dialect.MySQLDialect
2020-03-30 20:55:51 INFO  access:47 - HHH10001501: Connection obtained from JdbcConnectionAccess [org.hibernate.engine.jdbc.env.internal.JdbcEnvironmentInitiator$ConnectionProviderJdbcConnectionAccess@758f4f03] for (non-JTA) DDL execution was not in auto-commit mode; the Connection 'local transaction' will be committed and the Connection will be set into auto-commit mode.
2020-03-30 20:55:51 INFO  access:47 - HHH10001501: Connection obtained from JdbcConnectionAccess [org.hibernate.engine.jdbc.env.internal.JdbcEnvironmentInitiator$ConnectionProviderJdbcConnectionAccess@61a002b1] for (non-JTA) DDL execution was not in auto-commit mode; the Connection 'local transaction' will be committed and the Connection will be set into auto-commit mode.
2020-03-30 20:55:51 WARN  ExceptionHandlerLoggedImpl:27 - GenerationTarget encountered exception accepting command : Error executing DDL "create table User (userName varchar(255) not null, primary key (userName)) type=MyISAM" via JDBC Statement
org.hibernate.tool.schema.spi.CommandAcceptanceException: Error executing DDL "create table User (userName varchar(255) not null, primary key (userName)) type=MyISAM" via JDBC Statement
	at org.hibernate.tool.schema.internal.exec.GenerationTargetToDatabase.accept(GenerationTargetToDatabase.java:67)
	at org.hibernate.tool.schema.internal.SchemaCreatorImpl.applySqlString(SchemaCreatorImpl.java:440)
	at org.hibernate.tool.schema.internal.SchemaCreatorImpl.applySqlStrings(SchemaCreatorImpl.java:424)
	at org.hibernate.tool.schema.internal.SchemaCreatorImpl.createFromMetadata(SchemaCreatorImpl.java:315)
	at org.hibernate.tool.schema.internal.SchemaCreatorImpl.performCreation(SchemaCreatorImpl.java:166)
	at org.hibernate.tool.schema.internal.SchemaCreatorImpl.doCreation(SchemaCreatorImpl.java:135)
	at org.hibernate.tool.schema.internal.SchemaCreatorImpl.doCreation(SchemaCreatorImpl.java:121)
	at org.hibernate.tool.schema.spi.SchemaManagementToolCoordinator.performDatabaseAction(SchemaManagementToolCoordinator.java:155)
	at org.hibernate.tool.schema.spi.SchemaManagementToolCoordinator.process(SchemaManagementToolCoordinator.java:72)
	at org.hibernate.internal.SessionFactoryImpl.<init>(SessionFactoryImpl.java:309)
	at org.hibernate.boot.internal.SessionFactoryBuilderImpl.build(SessionFactoryBuilderImpl.java:462)
	at org.hibernate.jpa.boot.internal.EntityManagerFactoryBuilderImpl.build(EntityManagerFactoryBuilderImpl.java:938)
	at org.hibernate.jpa.HibernatePersistenceProvider.createEntityManagerFactory(HibernatePersistenceProvider.java:56)
	at javax.persistence.Persistence.createEntityManagerFactory(Persistence.java:79)
	at BL.Server.ServerSystem.createEntityManagerFactory(ServerSystem.java:116)
	at BL.Server.ServerSystem.createEntityManagerFactory(ServerSystem.java:72)
	at BL.Server.ServerSystem.main(ServerSystem.java:121)
Caused by: com.mysql.jdbc.exceptions.jdbc4.MySQLSyntaxErrorException: You have an error in your SQL syntax; check the manual that corresponds to your MySQL server version for the right syntax to use near 'type=MyISAM' at line 1
	at sun.reflect.NativeConstructorAccessorImpl.newInstance0(Native Method)
	at sun.reflect.NativeConstructorAccessorImpl.newInstance(NativeConstructorAccessorImpl.java:62)
	at sun.reflect.DelegatingConstructorAccessorImpl.newInstance(DelegatingConstructorAccessorImpl.java:45)
	at java.lang.reflect.Constructor.newInstance(Constructor.java:423)
	at com.mysql.jdbc.Util.handleNewInstance(Util.java:411)
	at com.mysql.jdbc.Util.getInstance(Util.java:386)
	at com.mysql.jdbc.SQLError.createSQLException(SQLError.java:1053)
	at com.mysql.jdbc.MysqlIO.checkErrorPacket(MysqlIO.java:4074)
	at com.mysql.jdbc.MysqlIO.checkErrorPacket(MysqlIO.java:4006)
	at com.mysql.jdbc.MysqlIO.sendCommand(MysqlIO.java:2468)
	at com.mysql.jdbc.MysqlIO.sqlQueryDirect(MysqlIO.java:2629)
	at com.mysql.jdbc.ConnectionImpl.execSQL(ConnectionImpl.java:2713)
	at com.mysql.jdbc.ConnectionImpl.execSQL(ConnectionImpl.java:2663)
	at com.mysql.jdbc.StatementImpl.execute(StatementImpl.java:888)
	at com.mysql.jdbc.StatementImpl.execute(StatementImpl.java:730)
	at org.hibernate.tool.schema.internal.exec.GenerationTargetToDatabase.accept(GenerationTargetToDatabase.java:54)
	... 16 more
2020-03-30 20:55:51 INFO  JtaPlatformInitiator:52 - HHH000490: Using JtaPlatform implementation: [org.hibernate.engine.transaction.jta.platform.internal.NoJtaPlatform]
2020-03-30 20:58:15 INFO  LogHelper:31 - HHH000204: Processing PersistenceUnitInfo [name: sportify]
2020-03-30 20:58:15 INFO  Version:46 - HHH000412: Hibernate Core {5.4.1.Final}
2020-03-30 20:58:15 INFO  Version:49 - HCANN000001: Hibernate Commons Annotations {5.1.0.Final}
2020-03-30 20:58:15 WARN  pooling:72 - HHH10001002: Using Hibernate built-in connection pool (not for production use!)
2020-03-30 20:58:15 INFO  pooling:115 - HHH10001005: using driver [com.mysql.jdbc.Driver] at URL [jdbc:mysql://localhost:3306/sportify]
2020-03-30 20:58:15 INFO  pooling:124 - HHH10001001: Connection properties: {user=root}
2020-03-30 20:58:15 INFO  pooling:129 - HHH10001003: Autocommit mode: false
2020-03-30 20:58:15 INFO  DriverManagerConnectionProviderImpl:239 - HHH000115: Hibernate connection pool size: 20 (min=1)
2020-03-30 20:58:15 INFO  Dialect:158 - HHH000400: Using dialect: org.hibernate.dialect.MySQL57Dialect
2020-03-30 20:58:16 INFO  access:47 - HHH10001501: Connection obtained from JdbcConnectionAccess [org.hibernate.engine.jdbc.env.internal.JdbcEnvironmentInitiator$ConnectionProviderJdbcConnectionAccess@1b9ea3e3] for (non-JTA) DDL execution was not in auto-commit mode; the Connection 'local transaction' will be committed and the Connection will be set into auto-commit mode.
2020-03-30 20:58:16 INFO  access:47 - HHH10001501: Connection obtained from JdbcConnectionAccess [org.hibernate.engine.jdbc.env.internal.JdbcEnvironmentInitiator$ConnectionProviderJdbcConnectionAccess@5ef8df1e] for (non-JTA) DDL execution was not in auto-commit mode; the Connection 'local transaction' will be committed and the Connection will be set into auto-commit mode.
2020-03-30 20:58:17 INFO  JtaPlatformInitiator:52 - HHH000490: Using JtaPlatform implementation: [org.hibernate.engine.transaction.jta.platform.internal.NoJtaPlatform]
2020-03-30 21:01:18 INFO  LogHelper:31 - HHH000204: Processing PersistenceUnitInfo [name: sportify]
2020-03-30 21:01:18 INFO  Version:46 - HHH000412: Hibernate Core {5.4.1.Final}
2020-03-30 21:01:18 INFO  Version:49 - HCANN000001: Hibernate Commons Annotations {5.1.0.Final}
2020-03-30 21:01:18 WARN  pooling:72 - HHH10001002: Using Hibernate built-in connection pool (not for production use!)
2020-03-30 21:01:18 INFO  pooling:115 - HHH10001005: using driver [com.mysql.jdbc.Driver] at URL [jdbc:mysql://localhost:3306/sportify]
2020-03-30 21:01:18 INFO  pooling:124 - HHH10001001: Connection properties: {user=root}
2020-03-30 21:01:18 INFO  pooling:129 - HHH10001003: Autocommit mode: false
2020-03-30 21:01:18 INFO  DriverManagerConnectionProviderImpl:239 - HHH000115: Hibernate connection pool size: 20 (min=1)
2020-03-30 21:01:18 INFO  Dialect:158 - HHH000400: Using dialect: org.hibernate.dialect.MySQL57Dialect
2020-03-30 21:01:19 INFO  access:47 - HHH10001501: Connection obtained from JdbcConnectionAccess [org.hibernate.engine.jdbc.env.internal.JdbcEnvironmentInitiator$ConnectionProviderJdbcConnectionAccess@27e0f2f5] for (non-JTA) DDL execution was not in auto-commit mode; the Connection 'local transaction' will be committed and the Connection will be set into auto-commit mode.
2020-03-30 21:01:19 INFO  access:47 - HHH10001501: Connection obtained from JdbcConnectionAccess [org.hibernate.engine.jdbc.env.internal.JdbcEnvironmentInitiator$ConnectionProviderJdbcConnectionAccess@5aabbb29] for (non-JTA) DDL execution was not in auto-commit mode; the Connection 'local transaction' will be committed and the Connection will be set into auto-commit mode.
2020-03-30 21:01:20 INFO  JtaPlatformInitiator:52 - HHH000490: Using JtaPlatform implementation: [org.hibernate.engine.transaction.jta.platform.internal.NoJtaPlatform]
