2020-03-31 12:33:57 INFO  LogHelper:31 - HHH000204: Processing PersistenceUnitInfo [name: sportify]
2020-03-31 12:33:58 INFO  Version:46 - HHH000412: Hibernate Core {5.4.1.Final}
2020-03-31 12:33:58 INFO  Version:49 - HCANN000001: Hibernate Commons Annotations {5.1.0.Final}
2020-03-31 12:33:59 WARN  pooling:72 - HHH10001002: Using Hibernate built-in connection pool (not for production use!)
2020-03-31 12:33:59 INFO  pooling:115 - HHH10001005: using driver [com.mysql.jdbc.Driver] at URL [jdbc:mysql://localhost:3306/sportify]
2020-03-31 12:33:59 INFO  pooling:124 - HHH10001001: Connection properties: {user=root}
2020-03-31 12:33:59 INFO  pooling:129 - HHH10001003: Autocommit mode: false
2020-03-31 12:33:59 INFO  DriverManagerConnectionProviderImpl:239 - HHH000115: Hibernate connection pool size: 20 (min=1)
2020-03-31 12:34:00 INFO  Dialect:158 - HHH000400: Using dialect: org.hibernate.dialect.MySQL57Dialect
2020-03-31 12:34:01 INFO  access:47 - HHH10001501: Connection obtained from JdbcConnectionAccess [org.hibernate.engine.jdbc.env.internal.JdbcEnvironmentInitiator$ConnectionProviderJdbcConnectionAccess@5003041b] for (non-JTA) DDL execution was not in auto-commit mode; the Connection 'local transaction' will be committed and the Connection will be set into auto-commit mode.
2020-03-31 12:34:02 INFO  access:47 - HHH10001501: Connection obtained from JdbcConnectionAccess [org.hibernate.engine.jdbc.env.internal.JdbcEnvironmentInitiator$ConnectionProviderJdbcConnectionAccess@1095f122] for (non-JTA) DDL execution was not in auto-commit mode; the Connection 'local transaction' will be committed and the Connection will be set into auto-commit mode.
2020-03-31 12:34:03 INFO  JtaPlatformInitiator:52 - HHH000490: Using JtaPlatform implementation: [org.hibernate.engine.transaction.jta.platform.internal.NoJtaPlatform]
2020-03-31 12:34:54 INFO  LogHelper:31 - HHH000204: Processing PersistenceUnitInfo [name: sportify]
2020-03-31 12:34:54 INFO  Version:46 - HHH000412: Hibernate Core {5.4.1.Final}
2020-03-31 12:34:54 INFO  Version:49 - HCANN000001: Hibernate Commons Annotations {5.1.0.Final}
2020-03-31 12:34:54 WARN  pooling:72 - HHH10001002: Using Hibernate built-in connection pool (not for production use!)
2020-03-31 12:34:54 INFO  pooling:115 - HHH10001005: using driver [com.mysql.jdbc.Driver] at URL [jdbc:mysql://localhost:3306/sportify]
2020-03-31 12:34:54 INFO  pooling:124 - HHH10001001: Connection properties: {user=root}
2020-03-31 12:34:54 INFO  pooling:129 - HHH10001003: Autocommit mode: false
2020-03-31 12:34:54 INFO  DriverManagerConnectionProviderImpl:239 - HHH000115: Hibernate connection pool size: 20 (min=1)
2020-03-31 12:34:55 INFO  Dialect:158 - HHH000400: Using dialect: org.hibernate.dialect.MySQL57Dialect
2020-03-31 12:34:55 INFO  access:47 - HHH10001501: Connection obtained from JdbcConnectionAccess [org.hibernate.engine.jdbc.env.internal.JdbcEnvironmentInitiator$ConnectionProviderJdbcConnectionAccess@5003041b] for (non-JTA) DDL execution was not in auto-commit mode; the Connection 'local transaction' will be committed and the Connection will be set into auto-commit mode.
2020-03-31 12:34:55 INFO  access:47 - HHH10001501: Connection obtained from JdbcConnectionAccess [org.hibernate.engine.jdbc.env.internal.JdbcEnvironmentInitiator$ConnectionProviderJdbcConnectionAccess@1095f122] for (non-JTA) DDL execution was not in auto-commit mode; the Connection 'local transaction' will be committed and the Connection will be set into auto-commit mode.
2020-03-31 12:34:56 INFO  JtaPlatformInitiator:52 - HHH000490: Using JtaPlatform implementation: [org.hibernate.engine.transaction.jta.platform.internal.NoJtaPlatform]
2020-03-31 12:35:22 INFO  LogHelper:31 - HHH000204: Processing PersistenceUnitInfo [name: sportify]
2020-03-31 12:35:22 INFO  Version:46 - HHH000412: Hibernate Core {5.4.1.Final}
2020-03-31 12:35:22 INFO  Version:49 - HCANN000001: Hibernate Commons Annotations {5.1.0.Final}
2020-03-31 12:35:22 WARN  pooling:72 - HHH10001002: Using Hibernate built-in connection pool (not for production use!)
2020-03-31 12:35:22 INFO  pooling:115 - HHH10001005: using driver [com.mysql.jdbc.Driver] at URL [jdbc:mysql://localhost:3306/sportify]
2020-03-31 12:35:22 INFO  pooling:124 - HHH10001001: Connection properties: {user=root}
2020-03-31 12:35:22 INFO  pooling:129 - HHH10001003: Autocommit mode: false
2020-03-31 12:35:22 INFO  DriverManagerConnectionProviderImpl:239 - HHH000115: Hibernate connection pool size: 20 (min=1)
2020-03-31 12:35:23 INFO  Dialect:158 - HHH000400: Using dialect: org.hibernate.dialect.MySQL57Dialect
2020-03-31 12:35:23 INFO  access:47 - HHH10001501: Connection obtained from JdbcConnectionAccess [org.hibernate.engine.jdbc.env.internal.JdbcEnvironmentInitiator$ConnectionProviderJdbcConnectionAccess@16fb356] for (non-JTA) DDL execution was not in auto-commit mode; the Connection 'local transaction' will be committed and the Connection will be set into auto-commit mode.
2020-03-31 12:35:23 WARN  ExceptionHandlerLoggedImpl:27 - GenerationTarget encountered exception accepting command : Error executing DDL "create table User (userName varchar(255) not null, primary key (userName)) engine=InnoDB" via JDBC Statement
org.hibernate.tool.schema.spi.CommandAcceptanceException: Error executing DDL "create table User (userName varchar(255) not null, primary key (userName)) engine=InnoDB" via JDBC Statement
	at org.hibernate.tool.schema.internal.exec.GenerationTargetToDatabase.accept(GenerationTargetToDatabase.java:67)
	at org.hibernate.tool.schema.internal.SchemaCreatorImpl.applySqlString(SchemaCreatorImpl.java:440)
	at org.hibernate.tool.schema.internal.SchemaCreatorImpl.applySqlStrings(SchemaCreatorImpl.java:424)
	at org.hibernate.tool.schema.internal.SchemaCreatorImpl.createFromMetadata(SchemaCreatorImpl.java:315)
	at org.hibernate.tool.schema.internal.SchemaCreatorImpl.performCreation(SchemaCreatorImpl.java:166)
	at org.hibernate.tool.schema.internal.SchemaCreatorImpl.doCreation(SchemaCreatorImpl.java:135)
	at org.hibernate.tool.schema.internal.SchemaCreatorImpl.doCreation(SchemaCreatorImpl.java:121)
	at org.hibernate.tool.schema.spi.SchemaManagementToolCoordinator.performDatabaseAction(SchemaManagementToolCoordinator.java:129)
	at org.hibernate.tool.schema.spi.SchemaManagementToolCoordinator.process(SchemaManagementToolCoordinator.java:72)
	at org.hibernate.internal.SessionFactoryImpl.<init>(SessionFactoryImpl.java:309)
	at org.hibernate.boot.internal.SessionFactoryBuilderImpl.build(SessionFactoryBuilderImpl.java:462)
	at org.hibernate.jpa.boot.internal.EntityManagerFactoryBuilderImpl.build(EntityManagerFactoryBuilderImpl.java:938)
	at org.hibernate.jpa.HibernatePersistenceProvider.createEntityManagerFactory(HibernatePersistenceProvider.java:56)
	at javax.persistence.Persistence.createEntityManagerFactory(Persistence.java:79)
	at BL.Server.ServerSystem.createEntityManagerFactory(ServerSystem.java:121)
	at BL.Server.ServerSystem.createEntityManagerFactory(ServerSystem.java:77)
	at BL.Server.ServerSystem.main(ServerSystem.java:127)
Caused by: com.mysql.jdbc.exceptions.jdbc4.MySQLSyntaxErrorException: Table 'User' already exists
	at sun.reflect.NativeConstructorAccessorImpl.newInstance0(Native Method)
	at sun.reflect.NativeConstructorAccessorImpl.newInstance(NativeConstructorAccessorImpl.java:62)
	at sun.reflect.DelegatingConstructorAccessorImpl.newInstance(DelegatingConstructorAccessorImpl.java:45)
	at java.lang.reflect.Constructor.newInstance(Constructor.java:423)
	at com.mysql.jdbc.Util.handleNewInstance(Util.java:411)
	at com.mysql.jdbc.Util.getInstance(Util.java:386)
	at com.mysql.jdbc.SQLError.createSQLException(SQLError.java:1053)
	at com.mysql.jdbc.MysqlIO.checkErrorPacket(MysqlIO.java:4074)
	at com.mysql.jdbc.MysqlIO.checkErrorPacket(MysqlIO.java:4006)
	at com.mysql.jdbc.MysqlIO.sendCommand(MysqlIO.java:2468)
	at com.mysql.jdbc.MysqlIO.sqlQueryDirect(MysqlIO.java:2629)
	at com.mysql.jdbc.ConnectionImpl.execSQL(ConnectionImpl.java:2713)
	at com.mysql.jdbc.ConnectionImpl.execSQL(ConnectionImpl.java:2663)
	at com.mysql.jdbc.StatementImpl.execute(StatementImpl.java:888)
	at com.mysql.jdbc.StatementImpl.execute(StatementImpl.java:730)
	at org.hibernate.tool.schema.internal.exec.GenerationTargetToDatabase.accept(GenerationTargetToDatabase.java:54)
	... 16 more
2020-03-31 12:35:23 INFO  JtaPlatformInitiator:52 - HHH000490: Using JtaPlatform implementation: [org.hibernate.engine.transaction.jta.platform.internal.NoJtaPlatform]
2020-03-31 12:47:08 INFO  LogHelper:31 - HHH000204: Processing PersistenceUnitInfo [name: sportify]
2020-03-31 12:47:08 INFO  Version:46 - HHH000412: Hibernate Core {5.4.1.Final}
2020-03-31 12:47:08 INFO  Version:49 - HCANN000001: Hibernate Commons Annotations {5.1.0.Final}
2020-03-31 12:47:09 WARN  pooling:72 - HHH10001002: Using Hibernate built-in connection pool (not for production use!)
2020-03-31 12:47:09 INFO  pooling:115 - HHH10001005: using driver [com.mysql.jdbc.Driver] at URL [jdbc:mysql://localhost:3306/sportify]
2020-03-31 12:47:09 INFO  pooling:124 - HHH10001001: Connection properties: {user=root}
2020-03-31 12:47:09 INFO  pooling:129 - HHH10001003: Autocommit mode: false
2020-03-31 12:47:09 INFO  DriverManagerConnectionProviderImpl:239 - HHH000115: Hibernate connection pool size: 20 (min=1)
2020-03-31 12:47:09 INFO  Dialect:158 - HHH000400: Using dialect: org.hibernate.dialect.MySQL57Dialect
2020-03-31 12:47:10 INFO  access:47 - HHH10001501: Connection obtained from JdbcConnectionAccess [org.hibernate.engine.jdbc.env.internal.JdbcEnvironmentInitiator$ConnectionProviderJdbcConnectionAccess@16fb356] for (non-JTA) DDL execution was not in auto-commit mode; the Connection 'local transaction' will be committed and the Connection will be set into auto-commit mode.
2020-03-31 12:47:10 INFO  JtaPlatformInitiator:52 - HHH000490: Using JtaPlatform implementation: [org.hibernate.engine.transaction.jta.platform.internal.NoJtaPlatform]
2020-03-31 12:47:10 INFO  DB:39 - DBFacade launched
2020-03-31 12:48:45 INFO  LogHelper:31 - HHH000204: Processing PersistenceUnitInfo [name: sportify]
2020-03-31 12:48:45 INFO  Version:46 - HHH000412: Hibernate Core {5.4.1.Final}
2020-03-31 12:48:45 INFO  Version:49 - HCANN000001: Hibernate Commons Annotations {5.1.0.Final}
2020-03-31 12:48:45 WARN  pooling:72 - HHH10001002: Using Hibernate built-in connection pool (not for production use!)
2020-03-31 12:48:45 INFO  pooling:115 - HHH10001005: using driver [com.mysql.jdbc.Driver] at URL [jdbc:mysql://localhost:3306/sportify]
2020-03-31 12:48:45 INFO  pooling:124 - HHH10001001: Connection properties: {user=root}
2020-03-31 12:48:45 INFO  pooling:129 - HHH10001003: Autocommit mode: false
2020-03-31 12:48:45 INFO  DriverManagerConnectionProviderImpl:239 - HHH000115: Hibernate connection pool size: 20 (min=1)
2020-03-31 12:48:45 INFO  Dialect:158 - HHH000400: Using dialect: org.hibernate.dialect.MySQL57Dialect
2020-03-31 12:48:46 INFO  access:47 - HHH10001501: Connection obtained from JdbcConnectionAccess [org.hibernate.engine.jdbc.env.internal.JdbcEnvironmentInitiator$ConnectionProviderJdbcConnectionAccess@5003041b] for (non-JTA) DDL execution was not in auto-commit mode; the Connection 'local transaction' will be committed and the Connection will be set into auto-commit mode.
2020-03-31 12:48:46 INFO  access:47 - HHH10001501: Connection obtained from JdbcConnectionAccess [org.hibernate.engine.jdbc.env.internal.JdbcEnvironmentInitiator$ConnectionProviderJdbcConnectionAccess@1095f122] for (non-JTA) DDL execution was not in auto-commit mode; the Connection 'local transaction' will be committed and the Connection will be set into auto-commit mode.
2020-03-31 12:48:47 INFO  JtaPlatformInitiator:52 - HHH000490: Using JtaPlatform implementation: [org.hibernate.engine.transaction.jta.platform.internal.NoJtaPlatform]
2020-03-31 12:48:47 INFO  DB:39 - DBFacade launched
2020-03-31 12:49:08 INFO  LogHelper:31 - HHH000204: Processing PersistenceUnitInfo [name: sportify]
2020-03-31 12:49:08 INFO  Version:46 - HHH000412: Hibernate Core {5.4.1.Final}
2020-03-31 12:49:08 INFO  Version:49 - HCANN000001: Hibernate Commons Annotations {5.1.0.Final}
2020-03-31 12:49:08 WARN  pooling:72 - HHH10001002: Using Hibernate built-in connection pool (not for production use!)
2020-03-31 12:49:08 INFO  pooling:115 - HHH10001005: using driver [com.mysql.jdbc.Driver] at URL [jdbc:mysql://localhost:3306/sportify]
2020-03-31 12:49:08 INFO  pooling:124 - HHH10001001: Connection properties: {user=root}
2020-03-31 12:49:08 INFO  pooling:129 - HHH10001003: Autocommit mode: false
2020-03-31 12:49:08 INFO  DriverManagerConnectionProviderImpl:239 - HHH000115: Hibernate connection pool size: 20 (min=1)
2020-03-31 12:49:09 INFO  Dialect:158 - HHH000400: Using dialect: org.hibernate.dialect.MySQL57Dialect
2020-03-31 12:49:10 INFO  access:47 - HHH10001501: Connection obtained from JdbcConnectionAccess [org.hibernate.engine.jdbc.env.internal.JdbcEnvironmentInitiator$ConnectionProviderJdbcConnectionAccess@5003041b] for (non-JTA) DDL execution was not in auto-commit mode; the Connection 'local transaction' will be committed and the Connection will be set into auto-commit mode.
2020-03-31 12:49:10 INFO  access:47 - HHH10001501: Connection obtained from JdbcConnectionAccess [org.hibernate.engine.jdbc.env.internal.JdbcEnvironmentInitiator$ConnectionProviderJdbcConnectionAccess@1095f122] for (non-JTA) DDL execution was not in auto-commit mode; the Connection 'local transaction' will be committed and the Connection will be set into auto-commit mode.
2020-03-31 12:49:10 INFO  JtaPlatformInitiator:52 - HHH000490: Using JtaPlatform implementation: [org.hibernate.engine.transaction.jta.platform.internal.NoJtaPlatform]
2020-03-31 12:49:10 INFO  DB:39 - DBFacade launched
2020-03-31 12:49:45 INFO  LogHelper:31 - HHH000204: Processing PersistenceUnitInfo [name: sportify]
2020-03-31 12:49:45 INFO  Version:46 - HHH000412: Hibernate Core {5.4.1.Final}
2020-03-31 12:49:45 INFO  Version:49 - HCANN000001: Hibernate Commons Annotations {5.1.0.Final}
2020-03-31 12:49:45 WARN  pooling:72 - HHH10001002: Using Hibernate built-in connection pool (not for production use!)
2020-03-31 12:49:45 INFO  pooling:115 - HHH10001005: using driver [com.mysql.jdbc.Driver] at URL [jdbc:mysql://localhost:3306/sportify_test]
2020-03-31 12:49:45 INFO  pooling:124 - HHH10001001: Connection properties: {user=root}
2020-03-31 12:49:45 INFO  pooling:129 - HHH10001003: Autocommit mode: false
2020-03-31 12:49:45 INFO  DriverManagerConnectionProviderImpl:239 - HHH000115: Hibernate connection pool size: 20 (min=1)
2020-03-31 12:49:45 WARN  JdbcEnvironmentInitiator:132 - HHH000342: Could not obtain connection to query metadata : null
2020-03-31 12:49:45 INFO  Dialect:158 - HHH000400: Using dialect: org.hibernate.dialect.MySQL57Dialect
2020-03-31 12:49:45 WARN  SqlExceptionHelper:137 - SQL Error: 1049, SQLState: 42000
2020-03-31 12:49:45 ERROR SqlExceptionHelper:142 - Unknown database 'sportify_test'
2020-03-31 12:53:24 INFO  LogHelper:31 - HHH000204: Processing PersistenceUnitInfo [name: sportify]
2020-03-31 12:53:24 INFO  Version:46 - HHH000412: Hibernate Core {5.4.1.Final}
2020-03-31 12:53:24 INFO  Version:49 - HCANN000001: Hibernate Commons Annotations {5.1.0.Final}
2020-03-31 12:53:25 WARN  pooling:72 - HHH10001002: Using Hibernate built-in connection pool (not for production use!)
2020-03-31 12:53:25 INFO  pooling:115 - HHH10001005: using driver [com.mysql.jdbc.Driver] at URL [jdbc:mysql://localhost:3306/sportify_test]
2020-03-31 12:53:25 INFO  pooling:124 - HHH10001001: Connection properties: {user=root}
2020-03-31 12:53:25 INFO  pooling:129 - HHH10001003: Autocommit mode: false
2020-03-31 12:53:25 INFO  DriverManagerConnectionProviderImpl:239 - HHH000115: Hibernate connection pool size: 20 (min=1)
2020-03-31 12:53:25 WARN  JdbcEnvironmentInitiator:132 - HHH000342: Could not obtain connection to query metadata : null
2020-03-31 12:53:25 INFO  Dialect:158 - HHH000400: Using dialect: org.hibernate.dialect.MySQL57Dialect
2020-03-31 12:53:25 WARN  SqlExceptionHelper:137 - SQL Error: 1049, SQLState: 42000
2020-03-31 12:53:25 ERROR SqlExceptionHelper:142 - Unknown database 'sportify_test'
2020-03-31 12:53:41 INFO  LogHelper:31 - HHH000204: Processing PersistenceUnitInfo [name: sportify]
2020-03-31 12:53:41 INFO  Version:46 - HHH000412: Hibernate Core {5.4.1.Final}
2020-03-31 12:53:42 INFO  Version:49 - HCANN000001: Hibernate Commons Annotations {5.1.0.Final}
2020-03-31 12:53:42 WARN  pooling:72 - HHH10001002: Using Hibernate built-in connection pool (not for production use!)
2020-03-31 12:53:42 INFO  pooling:115 - HHH10001005: using driver [com.mysql.jdbc.Driver] at URL [jdbc:mysql://localhost:3306/sportify]
2020-03-31 12:53:42 INFO  pooling:124 - HHH10001001: Connection properties: {user=root}
2020-03-31 12:53:42 INFO  pooling:129 - HHH10001003: Autocommit mode: false
2020-03-31 12:53:42 INFO  DriverManagerConnectionProviderImpl:239 - HHH000115: Hibernate connection pool size: 20 (min=1)
2020-03-31 12:53:42 INFO  Dialect:158 - HHH000400: Using dialect: org.hibernate.dialect.MySQL57Dialect
2020-03-31 12:53:43 INFO  access:47 - HHH10001501: Connection obtained from JdbcConnectionAccess [org.hibernate.engine.jdbc.env.internal.JdbcEnvironmentInitiator$ConnectionProviderJdbcConnectionAccess@5003041b] for (non-JTA) DDL execution was not in auto-commit mode; the Connection 'local transaction' will be committed and the Connection will be set into auto-commit mode.
2020-03-31 12:53:43 INFO  access:47 - HHH10001501: Connection obtained from JdbcConnectionAccess [org.hibernate.engine.jdbc.env.internal.JdbcEnvironmentInitiator$ConnectionProviderJdbcConnectionAccess@1095f122] for (non-JTA) DDL execution was not in auto-commit mode; the Connection 'local transaction' will be committed and the Connection will be set into auto-commit mode.
2020-03-31 12:53:43 INFO  JtaPlatformInitiator:52 - HHH000490: Using JtaPlatform implementation: [org.hibernate.engine.transaction.jta.platform.internal.NoJtaPlatform]
2020-03-31 12:53:43 INFO  DB:38 - DBFacade launched
2020-03-31 12:53:59 INFO  LogHelper:31 - HHH000204: Processing PersistenceUnitInfo [name: sportify]
2020-03-31 12:54:00 INFO  Version:46 - HHH000412: Hibernate Core {5.4.1.Final}
2020-03-31 12:54:00 INFO  Version:49 - HCANN000001: Hibernate Commons Annotations {5.1.0.Final}
2020-03-31 12:54:00 WARN  pooling:72 - HHH10001002: Using Hibernate built-in connection pool (not for production use!)
2020-03-31 12:54:00 INFO  pooling:115 - HHH10001005: using driver [com.mysql.jdbc.Driver] at URL [jdbc:mysql://localhost:3306/sportify]
2020-03-31 12:54:00 INFO  pooling:124 - HHH10001001: Connection properties: {user=root}
2020-03-31 12:54:00 INFO  pooling:129 - HHH10001003: Autocommit mode: false
2020-03-31 12:54:00 INFO  DriverManagerConnectionProviderImpl:239 - HHH000115: Hibernate connection pool size: 20 (min=1)
2020-03-31 12:54:00 INFO  Dialect:158 - HHH000400: Using dialect: org.hibernate.dialect.MySQL57Dialect
2020-03-31 12:54:01 INFO  access:47 - HHH10001501: Connection obtained from JdbcConnectionAccess [org.hibernate.engine.jdbc.env.internal.JdbcEnvironmentInitiator$ConnectionProviderJdbcConnectionAccess@5003041b] for (non-JTA) DDL execution was not in auto-commit mode; the Connection 'local transaction' will be committed and the Connection will be set into auto-commit mode.
2020-03-31 12:54:01 INFO  JtaPlatformInitiator:52 - HHH000490: Using JtaPlatform implementation: [org.hibernate.engine.transaction.jta.platform.internal.NoJtaPlatform]
2020-03-31 12:54:01 INFO  DB:38 - DBFacade launched
2020-03-31 12:54:30 INFO  LogHelper:31 - HHH000204: Processing PersistenceUnitInfo [name: sportify]
2020-03-31 12:54:31 INFO  Version:46 - HHH000412: Hibernate Core {5.4.1.Final}
2020-03-31 12:54:31 INFO  Version:49 - HCANN000001: Hibernate Commons Annotations {5.1.0.Final}
2020-03-31 12:54:31 WARN  pooling:72 - HHH10001002: Using Hibernate built-in connection pool (not for production use!)
2020-03-31 12:54:31 INFO  pooling:115 - HHH10001005: using driver [com.mysql.jdbc.Driver] at URL [jdbc:mysql://localhost:3306/sportify]
2020-03-31 12:54:31 INFO  pooling:124 - HHH10001001: Connection properties: {user=root}
2020-03-31 12:54:31 INFO  pooling:129 - HHH10001003: Autocommit mode: false
2020-03-31 12:54:31 INFO  DriverManagerConnectionProviderImpl:239 - HHH000115: Hibernate connection pool size: 20 (min=1)
2020-03-31 12:54:31 INFO  Dialect:158 - HHH000400: Using dialect: org.hibernate.dialect.MySQL57Dialect
2020-03-31 12:54:32 INFO  access:47 - HHH10001501: Connection obtained from JdbcConnectionAccess [org.hibernate.engine.jdbc.env.internal.JdbcEnvironmentInitiator$ConnectionProviderJdbcConnectionAccess@16fb356] for (non-JTA) DDL execution was not in auto-commit mode; the Connection 'local transaction' will be committed and the Connection will be set into auto-commit mode.
2020-03-31 12:54:33 INFO  JtaPlatformInitiator:52 - HHH000490: Using JtaPlatform implementation: [org.hibernate.engine.transaction.jta.platform.internal.NoJtaPlatform]
2020-03-31 12:54:33 INFO  DB:38 - DBFacade launched
2020-03-31 12:54:50 INFO  LogHelper:31 - HHH000204: Processing PersistenceUnitInfo [name: sportify]
2020-03-31 12:54:51 INFO  Version:46 - HHH000412: Hibernate Core {5.4.1.Final}
2020-03-31 12:54:51 INFO  Version:49 - HCANN000001: Hibernate Commons Annotations {5.1.0.Final}
2020-03-31 12:54:51 WARN  pooling:72 - HHH10001002: Using Hibernate built-in connection pool (not for production use!)
2020-03-31 12:54:51 INFO  pooling:115 - HHH10001005: using driver [com.mysql.jdbc.Driver] at URL [jdbc:mysql://localhost:3306/sportify]
2020-03-31 12:54:51 INFO  pooling:124 - HHH10001001: Connection properties: {user=root}
2020-03-31 12:54:51 INFO  pooling:129 - HHH10001003: Autocommit mode: false
2020-03-31 12:54:51 INFO  DriverManagerConnectionProviderImpl:239 - HHH000115: Hibernate connection pool size: 20 (min=1)
2020-03-31 12:54:51 INFO  Dialect:158 - HHH000400: Using dialect: org.hibernate.dialect.MySQL57Dialect
2020-03-31 12:54:52 INFO  access:47 - HHH10001501: Connection obtained from JdbcConnectionAccess [org.hibernate.engine.jdbc.env.internal.JdbcEnvironmentInitiator$ConnectionProviderJdbcConnectionAccess@5003041b] for (non-JTA) DDL execution was not in auto-commit mode; the Connection 'local transaction' will be committed and the Connection will be set into auto-commit mode.
2020-03-31 12:54:52 INFO  access:47 - HHH10001501: Connection obtained from JdbcConnectionAccess [org.hibernate.engine.jdbc.env.internal.JdbcEnvironmentInitiator$ConnectionProviderJdbcConnectionAccess@1095f122] for (non-JTA) DDL execution was not in auto-commit mode; the Connection 'local transaction' will be committed and the Connection will be set into auto-commit mode.
2020-03-31 12:54:52 INFO  JtaPlatformInitiator:52 - HHH000490: Using JtaPlatform implementation: [org.hibernate.engine.transaction.jta.platform.internal.NoJtaPlatform]
2020-03-31 12:54:52 INFO  DB:38 - DBFacade launched
2020-03-31 13:01:09 INFO  LogHelper:31 - HHH000204: Processing PersistenceUnitInfo [name: sportify]
2020-03-31 13:01:10 INFO  Version:46 - HHH000412: Hibernate Core {5.4.1.Final}
2020-03-31 13:01:10 INFO  Version:49 - HCANN000001: Hibernate Commons Annotations {5.1.0.Final}
2020-03-31 13:01:10 WARN  pooling:72 - HHH10001002: Using Hibernate built-in connection pool (not for production use!)
2020-03-31 13:01:10 INFO  pooling:115 - HHH10001005: using driver [com.mysql.jdbc.Driver] at URL [jdbc:mysql://localhost:3306/sportify]
2020-03-31 13:01:10 INFO  pooling:124 - HHH10001001: Connection properties: {user=root}
2020-03-31 13:01:10 INFO  pooling:129 - HHH10001003: Autocommit mode: false
2020-03-31 13:01:10 INFO  DriverManagerConnectionProviderImpl:239 - HHH000115: Hibernate connection pool size: 20 (min=1)
2020-03-31 13:01:10 INFO  Dialect:158 - HHH000400: Using dialect: org.hibernate.dialect.MySQL57Dialect
2020-03-31 13:01:11 INFO  access:47 - HHH10001501: Connection obtained from JdbcConnectionAccess [org.hibernate.engine.jdbc.env.internal.JdbcEnvironmentInitiator$ConnectionProviderJdbcConnectionAccess@5003041b] for (non-JTA) DDL execution was not in auto-commit mode; the Connection 'local transaction' will be committed and the Connection will be set into auto-commit mode.
2020-03-31 13:01:11 INFO  access:47 - HHH10001501: Connection obtained from JdbcConnectionAccess [org.hibernate.engine.jdbc.env.internal.JdbcEnvironmentInitiator$ConnectionProviderJdbcConnectionAccess@1095f122] for (non-JTA) DDL execution was not in auto-commit mode; the Connection 'local transaction' will be committed and the Connection will be set into auto-commit mode.
2020-03-31 13:01:12 INFO  JtaPlatformInitiator:52 - HHH000490: Using JtaPlatform implementation: [org.hibernate.engine.transaction.jta.platform.internal.NoJtaPlatform]
2020-03-31 13:01:12 INFO  DB:38 - DBFacade launched
2020-03-31 13:19:02 INFO  LogHelper:31 - HHH000204: Processing PersistenceUnitInfo [name: sportify]
2020-03-31 13:19:02 INFO  Version:46 - HHH000412: Hibernate Core {5.4.1.Final}
2020-03-31 13:19:02 INFO  Version:49 - HCANN000001: Hibernate Commons Annotations {5.1.0.Final}
2020-03-31 13:19:02 WARN  pooling:72 - HHH10001002: Using Hibernate built-in connection pool (not for production use!)
2020-03-31 13:19:02 INFO  pooling:115 - HHH10001005: using driver [com.mysql.jdbc.Driver] at URL [jdbc:mysql://localhost:3306/sportify]
2020-03-31 13:19:02 INFO  pooling:124 - HHH10001001: Connection properties: {user=root}
2020-03-31 13:19:02 INFO  pooling:129 - HHH10001003: Autocommit mode: false
2020-03-31 13:19:02 INFO  DriverManagerConnectionProviderImpl:239 - HHH000115: Hibernate connection pool size: 20 (min=1)
2020-03-31 13:19:03 INFO  Dialect:158 - HHH000400: Using dialect: org.hibernate.dialect.MySQL57Dialect
2020-03-31 13:19:03 INFO  access:47 - HHH10001501: Connection obtained from JdbcConnectionAccess [org.hibernate.engine.jdbc.env.internal.JdbcEnvironmentInitiator$ConnectionProviderJdbcConnectionAccess@16fb356] for (non-JTA) DDL execution was not in auto-commit mode; the Connection 'local transaction' will be committed and the Connection will be set into auto-commit mode.
2020-03-31 13:19:03 WARN  ExceptionHandlerLoggedImpl:27 - GenerationTarget encountered exception accepting command : Error executing DDL "create table User (userName varchar(255) not null, primary key (userName)) engine=InnoDB" via JDBC Statement
org.hibernate.tool.schema.spi.CommandAcceptanceException: Error executing DDL "create table User (userName varchar(255) not null, primary key (userName)) engine=InnoDB" via JDBC Statement
	at org.hibernate.tool.schema.internal.exec.GenerationTargetToDatabase.accept(GenerationTargetToDatabase.java:67)
	at org.hibernate.tool.schema.internal.SchemaCreatorImpl.applySqlString(SchemaCreatorImpl.java:440)
	at org.hibernate.tool.schema.internal.SchemaCreatorImpl.applySqlStrings(SchemaCreatorImpl.java:424)
	at org.hibernate.tool.schema.internal.SchemaCreatorImpl.createFromMetadata(SchemaCreatorImpl.java:315)
	at org.hibernate.tool.schema.internal.SchemaCreatorImpl.performCreation(SchemaCreatorImpl.java:166)
	at org.hibernate.tool.schema.internal.SchemaCreatorImpl.doCreation(SchemaCreatorImpl.java:135)
	at org.hibernate.tool.schema.internal.SchemaCreatorImpl.doCreation(SchemaCreatorImpl.java:121)
	at org.hibernate.tool.schema.spi.SchemaManagementToolCoordinator.performDatabaseAction(SchemaManagementToolCoordinator.java:129)
	at org.hibernate.tool.schema.spi.SchemaManagementToolCoordinator.process(SchemaManagementToolCoordinator.java:72)
	at org.hibernate.internal.SessionFactoryImpl.<init>(SessionFactoryImpl.java:309)
	at org.hibernate.boot.internal.SessionFactoryBuilderImpl.build(SessionFactoryBuilderImpl.java:462)
	at org.hibernate.jpa.boot.internal.EntityManagerFactoryBuilderImpl.build(EntityManagerFactoryBuilderImpl.java:938)
	at org.hibernate.jpa.HibernatePersistenceProvider.createEntityManagerFactory(HibernatePersistenceProvider.java:56)
	at javax.persistence.Persistence.createEntityManagerFactory(Persistence.java:79)
	at BL.Server.ServerSystem.createEntityManagerFactory(ServerSystem.java:74)
	at BL.Server.ServerSystem.createEntityManagerFactory(ServerSystem.java:35)
	at BL.Server.ServerSystem.main(ServerSystem.java:122)
Caused by: com.mysql.jdbc.exceptions.jdbc4.MySQLSyntaxErrorException: Table 'User' already exists
	at sun.reflect.NativeConstructorAccessorImpl.newInstance0(Native Method)
	at sun.reflect.NativeConstructorAccessorImpl.newInstance(NativeConstructorAccessorImpl.java:62)
	at sun.reflect.DelegatingConstructorAccessorImpl.newInstance(DelegatingConstructorAccessorImpl.java:45)
	at java.lang.reflect.Constructor.newInstance(Constructor.java:423)
	at com.mysql.jdbc.Util.handleNewInstance(Util.java:411)
	at com.mysql.jdbc.Util.getInstance(Util.java:386)
	at com.mysql.jdbc.SQLError.createSQLException(SQLError.java:1053)
	at com.mysql.jdbc.MysqlIO.checkErrorPacket(MysqlIO.java:4074)
	at com.mysql.jdbc.MysqlIO.checkErrorPacket(MysqlIO.java:4006)
	at com.mysql.jdbc.MysqlIO.sendCommand(MysqlIO.java:2468)
	at com.mysql.jdbc.MysqlIO.sqlQueryDirect(MysqlIO.java:2629)
	at com.mysql.jdbc.ConnectionImpl.execSQL(ConnectionImpl.java:2713)
	at com.mysql.jdbc.ConnectionImpl.execSQL(ConnectionImpl.java:2663)
	at com.mysql.jdbc.StatementImpl.execute(StatementImpl.java:888)
	at com.mysql.jdbc.StatementImpl.execute(StatementImpl.java:730)
	at org.hibernate.tool.schema.internal.exec.GenerationTargetToDatabase.accept(GenerationTargetToDatabase.java:54)
	... 16 more
2020-03-31 13:19:04 INFO  JtaPlatformInitiator:52 - HHH000490: Using JtaPlatform implementation: [org.hibernate.engine.transaction.jta.platform.internal.NoJtaPlatform]
2020-03-31 13:20:09 INFO  LogHelper:31 - HHH000204: Processing PersistenceUnitInfo [name: sportify]
2020-03-31 13:20:09 INFO  Version:46 - HHH000412: Hibernate Core {5.4.1.Final}
2020-03-31 13:20:09 INFO  Version:49 - HCANN000001: Hibernate Commons Annotations {5.1.0.Final}
2020-03-31 13:20:10 WARN  pooling:72 - HHH10001002: Using Hibernate built-in connection pool (not for production use!)
2020-03-31 13:20:10 INFO  pooling:115 - HHH10001005: using driver [com.mysql.jdbc.Driver] at URL [jdbc:mysql://localhost:3306/sportify]
2020-03-31 13:20:10 INFO  pooling:124 - HHH10001001: Connection properties: {user=root}
2020-03-31 13:20:10 INFO  pooling:129 - HHH10001003: Autocommit mode: false
2020-03-31 13:20:10 INFO  DriverManagerConnectionProviderImpl:239 - HHH000115: Hibernate connection pool size: 20 (min=1)
2020-03-31 13:20:10 INFO  Dialect:158 - HHH000400: Using dialect: org.hibernate.dialect.MySQL57Dialect
2020-03-31 13:20:11 INFO  access:47 - HHH10001501: Connection obtained from JdbcConnectionAccess [org.hibernate.engine.jdbc.env.internal.JdbcEnvironmentInitiator$ConnectionProviderJdbcConnectionAccess@5003041b] for (non-JTA) DDL execution was not in auto-commit mode; the Connection 'local transaction' will be committed and the Connection will be set into auto-commit mode.
2020-03-31 13:20:11 INFO  access:47 - HHH10001501: Connection obtained from JdbcConnectionAccess [org.hibernate.engine.jdbc.env.internal.JdbcEnvironmentInitiator$ConnectionProviderJdbcConnectionAccess@1095f122] for (non-JTA) DDL execution was not in auto-commit mode; the Connection 'local transaction' will be committed and the Connection will be set into auto-commit mode.
2020-03-31 13:20:11 INFO  JtaPlatformInitiator:52 - HHH000490: Using JtaPlatform implementation: [org.hibernate.engine.transaction.jta.platform.internal.NoJtaPlatform]
2020-03-31 13:20:11 INFO  DB:38 - DBFacade launched
2020-03-31 16:13:01 INFO  LogHelper:31 - HHH000204: Processing PersistenceUnitInfo [name: sportify]
2020-03-31 16:13:01 INFO  Version:46 - HHH000412: Hibernate Core {5.4.1.Final}
2020-03-31 16:13:01 INFO  Version:49 - HCANN000001: Hibernate Commons Annotations {5.1.0.Final}
2020-03-31 16:13:02 WARN  pooling:72 - HHH10001002: Using Hibernate built-in connection pool (not for production use!)
2020-03-31 16:13:02 INFO  pooling:115 - HHH10001005: using driver [com.mysql.jdbc.Driver] at URL [jdbc:mysql://localhost:3306/sportify]
2020-03-31 16:13:02 INFO  pooling:124 - HHH10001001: Connection properties: {user=root}
2020-03-31 16:13:02 INFO  pooling:129 - HHH10001003: Autocommit mode: false
2020-03-31 16:13:02 INFO  DriverManagerConnectionProviderImpl:239 - HHH000115: Hibernate connection pool size: 20 (min=1)
2020-03-31 16:13:02 INFO  Dialect:158 - HHH000400: Using dialect: org.hibernate.dialect.MySQL57Dialect
2020-03-31 16:13:05 INFO  access:47 - HHH10001501: Connection obtained from JdbcConnectionAccess [org.hibernate.engine.jdbc.env.internal.JdbcEnvironmentInitiator$ConnectionProviderJdbcConnectionAccess@5003041b] for (non-JTA) DDL execution was not in auto-commit mode; the Connection 'local transaction' will be committed and the Connection will be set into auto-commit mode.
2020-03-31 16:13:05 INFO  access:47 - HHH10001501: Connection obtained from JdbcConnectionAccess [org.hibernate.engine.jdbc.env.internal.JdbcEnvironmentInitiator$ConnectionProviderJdbcConnectionAccess@1095f122] for (non-JTA) DDL execution was not in auto-commit mode; the Connection 'local transaction' will be committed and the Connection will be set into auto-commit mode.
2020-03-31 16:13:05 INFO  JtaPlatformInitiator:52 - HHH000490: Using JtaPlatform implementation: [org.hibernate.engine.transaction.jta.platform.internal.NoJtaPlatform]
2020-03-31 16:13:18 INFO  LogHelper:31 - HHH000204: Processing PersistenceUnitInfo [name: sportify]
2020-03-31 16:13:18 INFO  Version:46 - HHH000412: Hibernate Core {5.4.1.Final}
2020-03-31 16:13:19 INFO  Version:49 - HCANN000001: Hibernate Commons Annotations {5.1.0.Final}
2020-03-31 16:13:19 WARN  pooling:72 - HHH10001002: Using Hibernate built-in connection pool (not for production use!)
2020-03-31 16:13:19 INFO  pooling:115 - HHH10001005: using driver [com.mysql.jdbc.Driver] at URL [jdbc:mysql://localhost:3306/sportify]
2020-03-31 16:13:19 INFO  pooling:124 - HHH10001001: Connection properties: {user=root}
2020-03-31 16:13:19 INFO  pooling:129 - HHH10001003: Autocommit mode: false
2020-03-31 16:13:19 INFO  DriverManagerConnectionProviderImpl:239 - HHH000115: Hibernate connection pool size: 20 (min=1)
2020-03-31 16:13:19 INFO  Dialect:158 - HHH000400: Using dialect: org.hibernate.dialect.MySQL57Dialect
2020-03-31 16:13:20 INFO  access:47 - HHH10001501: Connection obtained from JdbcConnectionAccess [org.hibernate.engine.jdbc.env.internal.JdbcEnvironmentInitiator$ConnectionProviderJdbcConnectionAccess@5003041b] for (non-JTA) DDL execution was not in auto-commit mode; the Connection 'local transaction' will be committed and the Connection will be set into auto-commit mode.
2020-03-31 16:13:21 INFO  access:47 - HHH10001501: Connection obtained from JdbcConnectionAccess [org.hibernate.engine.jdbc.env.internal.JdbcEnvironmentInitiator$ConnectionProviderJdbcConnectionAccess@1095f122] for (non-JTA) DDL execution was not in auto-commit mode; the Connection 'local transaction' will be committed and the Connection will be set into auto-commit mode.
2020-03-31 16:13:21 INFO  JtaPlatformInitiator:52 - HHH000490: Using JtaPlatform implementation: [org.hibernate.engine.transaction.jta.platform.internal.NoJtaPlatform]
2020-03-31 16:13:21 INFO  DB:38 - DBFacade launched
2020-03-31 16:35:58 INFO  LogHelper:31 - HHH000204: Processing PersistenceUnitInfo [name: sportify]
2020-03-31 16:35:58 INFO  Version:46 - HHH000412: Hibernate Core {5.4.1.Final}
2020-03-31 16:35:58 INFO  Version:49 - HCANN000001: Hibernate Commons Annotations {5.1.0.Final}
2020-03-31 16:35:58 WARN  pooling:72 - HHH10001002: Using Hibernate built-in connection pool (not for production use!)
2020-03-31 16:35:58 INFO  pooling:115 - HHH10001005: using driver [com.mysql.jdbc.Driver] at URL [jdbc:mysql://localhost:3306/sportify]
2020-03-31 16:35:58 INFO  pooling:124 - HHH10001001: Connection properties: {user=root}
2020-03-31 16:35:58 INFO  pooling:129 - HHH10001003: Autocommit mode: false
2020-03-31 16:35:58 INFO  DriverManagerConnectionProviderImpl:239 - HHH000115: Hibernate connection pool size: 20 (min=1)
2020-03-31 16:35:59 INFO  Dialect:158 - HHH000400: Using dialect: org.hibernate.dialect.MySQL57Dialect
2020-03-31 16:35:59 INFO  access:47 - HHH10001501: Connection obtained from JdbcConnectionAccess [org.hibernate.engine.jdbc.env.internal.JdbcEnvironmentInitiator$ConnectionProviderJdbcConnectionAccess@5003041b] for (non-JTA) DDL execution was not in auto-commit mode; the Connection 'local transaction' will be committed and the Connection will be set into auto-commit mode.
2020-03-31 16:36:00 INFO  JtaPlatformInitiator:52 - HHH000490: Using JtaPlatform implementation: [org.hibernate.engine.transaction.jta.platform.internal.NoJtaPlatform]
2020-03-31 16:37:39 INFO  LogHelper:31 - HHH000204: Processing PersistenceUnitInfo [name: sportify]
2020-03-31 16:37:39 INFO  Version:46 - HHH000412: Hibernate Core {5.4.1.Final}
2020-03-31 16:37:39 INFO  Version:49 - HCANN000001: Hibernate Commons Annotations {5.1.0.Final}
2020-03-31 16:37:39 WARN  pooling:72 - HHH10001002: Using Hibernate built-in connection pool (not for production use!)
2020-03-31 16:37:39 INFO  pooling:115 - HHH10001005: using driver [com.mysql.jdbc.Driver] at URL [jdbc:mysql://localhost:3306/sportify]
2020-03-31 16:37:39 INFO  pooling:124 - HHH10001001: Connection properties: {user=root}
2020-03-31 16:37:39 INFO  pooling:129 - HHH10001003: Autocommit mode: false
2020-03-31 16:37:39 INFO  DriverManagerConnectionProviderImpl:239 - HHH000115: Hibernate connection pool size: 20 (min=1)
2020-03-31 16:37:39 INFO  Dialect:158 - HHH000400: Using dialect: org.hibernate.dialect.MySQL57Dialect
2020-03-31 16:37:40 INFO  access:47 - HHH10001501: Connection obtained from JdbcConnectionAccess [org.hibernate.engine.jdbc.env.internal.JdbcEnvironmentInitiator$ConnectionProviderJdbcConnectionAccess@5003041b] for (non-JTA) DDL execution was not in auto-commit mode; the Connection 'local transaction' will be committed and the Connection will be set into auto-commit mode.
2020-03-31 16:37:40 INFO  JtaPlatformInitiator:52 - HHH000490: Using JtaPlatform implementation: [org.hibernate.engine.transaction.jta.platform.internal.NoJtaPlatform]
2020-03-31 16:38:10 INFO  LogHelper:31 - HHH000204: Processing PersistenceUnitInfo [name: sportify]
2020-03-31 16:38:10 INFO  Version:46 - HHH000412: Hibernate Core {5.4.1.Final}
2020-03-31 16:38:10 INFO  Version:49 - HCANN000001: Hibernate Commons Annotations {5.1.0.Final}
2020-03-31 16:38:10 WARN  pooling:72 - HHH10001002: Using Hibernate built-in connection pool (not for production use!)
2020-03-31 16:38:10 INFO  pooling:115 - HHH10001005: using driver [com.mysql.jdbc.Driver] at URL [jdbc:mysql://localhost:3306/sportify]
2020-03-31 16:38:10 INFO  pooling:124 - HHH10001001: Connection properties: {user=root}
2020-03-31 16:38:10 INFO  pooling:129 - HHH10001003: Autocommit mode: false
2020-03-31 16:38:10 INFO  DriverManagerConnectionProviderImpl:239 - HHH000115: Hibernate connection pool size: 20 (min=1)
2020-03-31 16:38:11 INFO  Dialect:158 - HHH000400: Using dialect: org.hibernate.dialect.MySQL57Dialect
2020-03-31 16:38:11 INFO  access:47 - HHH10001501: Connection obtained from JdbcConnectionAccess [org.hibernate.engine.jdbc.env.internal.JdbcEnvironmentInitiator$ConnectionProviderJdbcConnectionAccess@5003041b] for (non-JTA) DDL execution was not in auto-commit mode; the Connection 'local transaction' will be committed and the Connection will be set into auto-commit mode.
2020-03-31 16:38:11 INFO  JtaPlatformInitiator:52 - HHH000490: Using JtaPlatform implementation: [org.hibernate.engine.transaction.jta.platform.internal.NoJtaPlatform]
2020-03-31 16:38:42 INFO  LogHelper:31 - HHH000204: Processing PersistenceUnitInfo [name: sportify]
2020-03-31 16:38:42 INFO  Version:46 - HHH000412: Hibernate Core {5.4.1.Final}
2020-03-31 16:38:42 INFO  Version:49 - HCANN000001: Hibernate Commons Annotations {5.1.0.Final}
2020-03-31 16:38:42 WARN  pooling:72 - HHH10001002: Using Hibernate built-in connection pool (not for production use!)
2020-03-31 16:38:42 INFO  pooling:115 - HHH10001005: using driver [com.mysql.jdbc.Driver] at URL [jdbc:mysql://localhost:3306/sportify]
2020-03-31 16:38:42 INFO  pooling:124 - HHH10001001: Connection properties: {user=root1}
2020-03-31 16:38:42 INFO  pooling:129 - HHH10001003: Autocommit mode: false
2020-03-31 16:38:42 INFO  DriverManagerConnectionProviderImpl:239 - HHH000115: Hibernate connection pool size: 20 (min=1)
2020-03-31 16:38:42 WARN  JdbcEnvironmentInitiator:132 - HHH000342: Could not obtain connection to query metadata : null
2020-03-31 16:38:42 INFO  Dialect:158 - HHH000400: Using dialect: org.hibernate.dialect.MySQL57Dialect
2020-03-31 16:38:42 WARN  SqlExceptionHelper:137 - SQL Error: 1045, SQLState: 28000
2020-03-31 16:38:42 ERROR SqlExceptionHelper:142 - Access denied for user 'root1'@'localhost' (using password: NO)
2020-03-31 16:39:01 INFO  LogHelper:31 - HHH000204: Processing PersistenceUnitInfo [name: sportify]
2020-03-31 16:39:02 INFO  Version:46 - HHH000412: Hibernate Core {5.4.1.Final}
2020-03-31 16:39:02 INFO  Version:49 - HCANN000001: Hibernate Commons Annotations {5.1.0.Final}
2020-03-31 16:39:02 WARN  pooling:72 - HHH10001002: Using Hibernate built-in connection pool (not for production use!)
2020-03-31 16:39:02 INFO  pooling:115 - HHH10001005: using driver [com.mysql.jdbc.Driver] at URL [jdbc:mysql://localhost:3306/sportify]
2020-03-31 16:39:02 INFO  pooling:124 - HHH10001001: Connection properties: {user=root}
2020-03-31 16:39:02 INFO  pooling:129 - HHH10001003: Autocommit mode: false
2020-03-31 16:39:02 INFO  DriverManagerConnectionProviderImpl:239 - HHH000115: Hibernate connection pool size: 20 (min=1)
2020-03-31 16:39:02 INFO  Dialect:158 - HHH000400: Using dialect: org.hibernate.dialect.MySQL57Dialect
2020-03-31 16:39:03 INFO  access:47 - HHH10001501: Connection obtained from JdbcConnectionAccess [org.hibernate.engine.jdbc.env.internal.JdbcEnvironmentInitiator$ConnectionProviderJdbcConnectionAccess@5003041b] for (non-JTA) DDL execution was not in auto-commit mode; the Connection 'local transaction' will be committed and the Connection will be set into auto-commit mode.
2020-03-31 16:39:03 INFO  JtaPlatformInitiator:52 - HHH000490: Using JtaPlatform implementation: [org.hibernate.engine.transaction.jta.platform.internal.NoJtaPlatform]
2020-03-31 16:39:31 INFO  LogHelper:31 - HHH000204: Processing PersistenceUnitInfo [name: sportify]
2020-03-31 16:39:31 INFO  Version:46 - HHH000412: Hibernate Core {5.4.1.Final}
2020-03-31 16:39:31 INFO  Version:49 - HCANN000001: Hibernate Commons Annotations {5.1.0.Final}
2020-03-31 16:39:31 WARN  pooling:72 - HHH10001002: Using Hibernate built-in connection pool (not for production use!)
2020-03-31 16:39:31 INFO  pooling:115 - HHH10001005: using driver [com.mysql.jdbc.Driver] at URL [jdbc:mysql://localhost:3306/sportify]
2020-03-31 16:39:31 INFO  pooling:124 - HHH10001001: Connection properties: {user=root}
2020-03-31 16:39:31 INFO  pooling:129 - HHH10001003: Autocommit mode: false
2020-03-31 16:39:31 INFO  DriverManagerConnectionProviderImpl:239 - HHH000115: Hibernate connection pool size: 20 (min=1)
2020-03-31 16:39:31 INFO  Dialect:158 - HHH000400: Using dialect: org.hibernate.dialect.MySQL57Dialect
2020-03-31 16:39:32 INFO  access:47 - HHH10001501: Connection obtained from JdbcConnectionAccess [org.hibernate.engine.jdbc.env.internal.JdbcEnvironmentInitiator$ConnectionProviderJdbcConnectionAccess@5003041b] for (non-JTA) DDL execution was not in auto-commit mode; the Connection 'local transaction' will be committed and the Connection will be set into auto-commit mode.
2020-03-31 16:39:32 INFO  JtaPlatformInitiator:52 - HHH000490: Using JtaPlatform implementation: [org.hibernate.engine.transaction.jta.platform.internal.NoJtaPlatform]
