2020-05-28 11:48:55 INFO  event - USER -------------> postgres
2020-05-28 11:48:55 INFO  event - PW ------> sql  (should be empty)
2020-05-28 11:48:55 INFO  event - CONNECTION URL ----> jdbc:postgresql://localhost:5432/sportify_dev?user=postgres&passwordsql
2020-05-28 11:48:55 INFO  event - PU-Strategy ------> drop-and-create
2020-05-28 11:53:20 INFO  event - Sportify launched
2020-05-28 11:54:17 INFO  event - Sportify is closing. Used for 0 min and 57 sec.
2020-05-28 11:54:59 INFO  event - USER -------------> postgres
2020-05-28 11:54:59 INFO  event - PW ------> sql  (should be empty)
2020-05-28 11:54:59 INFO  event - CONNECTION URL ----> jdbc:postgresql://localhost:5432/sportify_dev?user=postgres&passwordsql
2020-05-28 11:54:59 INFO  event - PU-Strategy ------> none
2020-05-28 11:55:37 INFO  event - USER -------------> postgres
2020-05-28 11:55:37 INFO  event - PW ------> sql  (should be empty)
2020-05-28 11:55:37 INFO  event - CONNECTION URL ----> jdbc:postgresql://localhost:5432/sportify_dev?user=postgres&passwordsql
2020-05-28 11:55:37 INFO  event - PU-Strategy ------> none
2020-05-28 11:56:49 INFO  event - USER -------------> postgres
2020-05-28 11:56:49 INFO  event - PW ------> sql  (should be empty)
2020-05-28 11:56:49 INFO  event - CONNECTION URL ----> jdbc:postgresql://localhost:5432/sportify_dev?user=postgres&passwordsql
2020-05-28 11:56:49 INFO  event - PU-Strategy ------> drop-and-create
2020-05-28 11:58:17 INFO  event - Sportify launched
2020-05-28 11:59:22 INFO  event - USER -------------> postgres
2020-05-28 11:59:22 INFO  event - PW ------> sql  (should be empty)
2020-05-28 11:59:22 INFO  event - CONNECTION URL ----> jdbc:postgresql://localhost:5432/sportify_dev?user=postgres&passwordsql
2020-05-28 11:59:22 INFO  event - PU-Strategy ------> none
2020-05-28 12:02:29 INFO  event - USER -------------> postgres
2020-05-28 12:02:29 INFO  event - PW ------> sql  (should be empty)
2020-05-28 12:02:29 INFO  event - CONNECTION URL ----> jdbc:postgresql://localhost:5432/sportify_dev?user=postgres&passwordsql
2020-05-28 12:02:29 INFO  event - PU-Strategy ------> none
2020-05-28 12:21:08 INFO  event - USER -------------> postgres
2020-05-28 12:21:08 INFO  event - PW ------> sql  (should be empty)
2020-05-28 12:21:08 INFO  event - CONNECTION URL ----> jdbc:postgresql://localhost:5432/sportify_dev?user=postgres&passwordsql
2020-05-28 12:21:08 INFO  event - PU-Strategy ------> none
2020-05-28 12:30:57 INFO  event - USER -------------> postgres
2020-05-28 12:30:57 INFO  event - PW ------> sql  (should be empty)
2020-05-28 12:30:57 INFO  event - CONNECTION URL ----> jdbc:postgresql://localhost:5432/sportify_dev?user=postgres&passwordsql
2020-05-28 12:30:57 INFO  event - PU-Strategy ------> none
2020-05-28 12:31:38 INFO  event - USER -------------> postgres
2020-05-28 12:31:38 INFO  event - PW ------> sql  (should be empty)
2020-05-28 12:31:38 INFO  event - CONNECTION URL ----> jdbc:postgresql://localhost:5432/sportify_dev?user=postgres&passwordsql
2020-05-28 12:31:38 INFO  event - PU-Strategy ------> drop-and-create
2020-05-28 12:34:05 INFO  event - USER -------------> postgres
2020-05-28 12:34:05 INFO  event - PW ------> sql  (should be empty)
2020-05-28 12:34:05 INFO  event - CONNECTION URL ----> jdbc:postgresql://localhost:5432/sportify_dev?user=postgres&passwordsql
2020-05-28 12:34:05 INFO  event - PU-Strategy ------> drop-and-create
2020-05-28 12:34:39 INFO  event - USER -------------> postgres
2020-05-28 12:34:39 INFO  event - PW ------> sql  (should be empty)
2020-05-28 12:34:39 INFO  event - CONNECTION URL ----> jdbc:postgresql://localhost:5432/sportify_dev?user=postgres&passwordsql
2020-05-28 12:34:39 INFO  event - PU-Strategy ------> drop-and-create
2020-05-28 12:34:55 INFO  event - USER -------------> postgres
2020-05-28 12:34:55 INFO  event - PW ------> sql  (should be empty)
2020-05-28 12:34:55 INFO  event - CONNECTION URL ----> jdbc:postgresql://localhost:5432/sportify_dev?user=postgres&passwordsql
2020-05-28 12:34:55 INFO  event - PU-Strategy ------> drop-and-create
2020-05-28 12:41:58 INFO  event - USER -------------> postgres
2020-05-28 12:41:58 INFO  event - PW ------> sql  (should be empty)
2020-05-28 12:41:58 INFO  event - CONNECTION URL ----> jdbc:postgresql://localhost:5432/sportify_dev?user=postgres&passwordsql
2020-05-28 12:41:58 INFO  event - PU-Strategy ------> drop-and-create
2020-05-28 12:46:24 INFO  event - USER -------------> postgres
2020-05-28 12:46:24 INFO  event - PW ------> sql  (should be empty)
2020-05-28 12:46:24 INFO  event - CONNECTION URL ----> jdbc:postgresql://localhost:5432/sportify_dev?user=postgres&passwordsql
2020-05-28 12:46:24 INFO  event - PU-Strategy ------> none
2020-05-28 12:48:54 INFO  event - USER -------------> postgres
2020-05-28 12:48:54 INFO  event - PW ------> sql  (should be empty)
2020-05-28 12:48:54 INFO  event - CONNECTION URL ----> jdbc:postgresql://localhost:5432/sportify_dev?user=postgres&passwordsql
2020-05-28 12:48:54 INFO  event - PU-Strategy ------> none
2020-05-28 12:50:17 INFO  event - USER -------------> postgres
2020-05-28 12:50:17 INFO  event - PW ------> sql  (should be empty)
2020-05-28 12:50:17 INFO  event - CONNECTION URL ----> jdbc:postgresql://localhost:5432/sportify_dev?user=postgres&passwordsql
2020-05-28 12:50:17 INFO  event - PU-Strategy ------> none
2020-05-28 12:51:57 INFO  event - Sportify launched
2020-05-28 12:53:04 INFO  event - Sportify is closing. Used for 1 min and 6 sec.
2020-05-28 12:58:00 INFO  event - USER -------------> postgres
2020-05-28 12:58:00 INFO  event - PW ------> sql  (should be empty)
2020-05-28 12:58:00 INFO  event - CONNECTION URL ----> jdbc:postgresql://localhost:5432/sportify_dev?user=postgres&passwordsql
2020-05-28 12:58:00 INFO  event - PU-Strategy ------> none
2020-05-28 13:02:03 INFO  event - USER -------------> postgres
2020-05-28 13:02:03 INFO  event - PW ------> sql  (should be empty)
2020-05-28 13:02:03 INFO  event - CONNECTION URL ----> jdbc:postgresql://localhost:5432/sportify_dev?user=postgres&passwordsql
2020-05-28 13:02:03 INFO  event - PU-Strategy ------> none
2020-05-28 13:22:18 INFO  event - USER -------------> postgres
2020-05-28 13:22:18 INFO  event - PW ------> sql  (should be empty)
2020-05-28 13:22:18 INFO  event - CONNECTION URL ----> jdbc:postgresql://localhost:5432/sportify_dev?user=postgres&passwordsql
2020-05-28 13:22:18 INFO  event - PU-Strategy ------> none
2020-05-28 13:22:23 INFO  event - query results returned
2020-05-28 13:25:45 INFO  event - USER -------------> postgres
2020-05-28 13:25:45 INFO  event - PW ------> sql  (should be empty)
2020-05-28 13:25:45 INFO  event - CONNECTION URL ----> jdbc:postgresql://localhost:5432/sportify_dev?user=postgres&passwordsql
2020-05-28 13:25:45 INFO  event - PU-Strategy ------> drop-and-create
2020-05-28 13:40:17 INFO  event - USER -------------> postgres
2020-05-28 13:40:17 INFO  event - PW ------> sql  (should be empty)
2020-05-28 13:40:17 INFO  event - CONNECTION URL ----> jdbc:postgresql://localhost:5432/sportify_dev?user=postgres&passwordsql
2020-05-28 13:40:17 INFO  event - PU-Strategy ------> none
2020-05-28 13:42:42 INFO  event - Sportify launched
2020-05-28 13:46:13 INFO  event - USER -------------> postgres
2020-05-28 13:46:13 INFO  event - PW ------> sql  (should be empty)
2020-05-28 13:46:13 INFO  event - CONNECTION URL ----> jdbc:postgresql://localhost:5432/sportify_dev?user=postgres&passwordsql
2020-05-28 13:46:13 INFO  event - PU-Strategy ------> none
2020-05-28 13:47:07 INFO  event - USER -------------> postgres
2020-05-28 13:47:07 INFO  event - PW ------> sql  (should be empty)
2020-05-28 13:47:07 INFO  event - CONNECTION URL ----> jdbc:postgresql://localhost:5432/sportify_dev?user=postgres&passwordsql
2020-05-28 13:47:07 INFO  event - PU-Strategy ------> none
2020-05-28 13:50:47 INFO  event - USER -------------> postgres
2020-05-28 13:50:47 INFO  event - PW ------> sql  (should be empty)
2020-05-28 13:50:47 INFO  event - CONNECTION URL ----> jdbc:postgresql://localhost:5432/sportify_dev?user=postgres&passwordsql
2020-05-28 13:50:47 INFO  event - PU-Strategy ------> drop-and-create
2020-05-28 13:58:47 INFO  event - USER -------------> postgres
2020-05-28 13:58:47 INFO  event - PW ------> sql  (should be empty)
2020-05-28 13:58:47 INFO  event - CONNECTION URL ----> jdbc:postgresql://localhost:5432/sportify_dev?user=postgres&passwordsql
2020-05-28 13:58:47 INFO  event - PU-Strategy ------> drop-and-create
2020-05-28 14:06:17 INFO  event - USER -------------> postgres
2020-05-28 14:06:17 INFO  event - PW ------> sql  (should be empty)
2020-05-28 14:06:17 INFO  event - CONNECTION URL ----> jdbc:postgresql://localhost:5432/sportify_dev?user=postgres&passwordsql
2020-05-28 14:06:17 INFO  event - PU-Strategy ------> none
2020-05-28 14:07:17 INFO  event - USER -------------> postgres
2020-05-28 14:07:17 INFO  event - PW ------> sql  (should be empty)
2020-05-28 14:07:17 INFO  event - CONNECTION URL ----> jdbc:postgresql://localhost:5432/sportify_dev?user=postgres&passwordsql
2020-05-28 14:07:17 INFO  event - PU-Strategy ------> none
2020-05-28 14:07:55 INFO  event - query results returned
2020-05-28 14:12:36 INFO  event - USER -------------> postgres
2020-05-28 14:12:36 INFO  event - PW ------> sql  (should be empty)
2020-05-28 14:12:36 INFO  event - CONNECTION URL ----> jdbc:postgresql://localhost:5432/sportify_dev?user=postgres&passwordsql
2020-05-28 14:12:36 INFO  event - PU-Strategy ------> none
2020-05-28 14:15:46 INFO  event - USER -------------> postgres
2020-05-28 14:15:46 INFO  event - PW ------> sql  (should be empty)
2020-05-28 14:15:46 INFO  event - CONNECTION URL ----> jdbc:postgresql://localhost:5432/sportify_dev?user=postgres&passwordsql
2020-05-28 14:15:46 INFO  event - PU-Strategy ------> drop-and-create
2020-05-28 14:22:56 INFO  event - USER -------------> postgres
2020-05-28 14:22:56 INFO  event - PW ------> sql  (should be empty)
2020-05-28 14:22:56 INFO  event - CONNECTION URL ----> jdbc:postgresql://localhost:5432/sportify_dev?user=postgres&passwordsql
2020-05-28 14:22:56 INFO  event - PU-Strategy ------> none
2020-05-28 14:23:01 WARN  event - persist failedorg.hibernate.PersistentObjectException: detached entity passed to persist: DL.Game.LeagueSeason.LeagueSeason
2020-05-28 14:23:01 INFO  event - object persisted
2020-05-28 14:23:01 INFO  event - query results returned
2020-05-28 14:24:36 INFO  event - USER -------------> postgres
2020-05-28 14:24:36 INFO  event - PW ------> sql  (should be empty)
2020-05-28 14:24:36 INFO  event - CONNECTION URL ----> jdbc:postgresql://localhost:5432/sportify_dev?user=postgres&passwordsql
2020-05-28 14:24:36 INFO  event - PU-Strategy ------> drop-and-create
2020-05-28 14:30:46 INFO  event - USER -------------> postgres
2020-05-28 14:30:46 INFO  event - PW ------> sql  (should be empty)
2020-05-28 14:30:46 INFO  event - CONNECTION URL ----> jdbc:postgresql://localhost:5432/sportify_dev?user=postgres&passwordsql
2020-05-28 14:30:46 INFO  event - PU-Strategy ------> none
2020-05-28 14:31:52 INFO  event - USER -------------> postgres
2020-05-28 14:31:52 INFO  event - PW ------> sql  (should be empty)
2020-05-28 14:31:52 INFO  event - CONNECTION URL ----> jdbc:postgresql://localhost:5432/sportify_dev?user=postgres&passwordsql
2020-05-28 14:31:52 INFO  event - PU-Strategy ------> none
2020-05-28 14:37:16 INFO  event - USER -------------> postgres
2020-05-28 14:37:16 INFO  event - PW ------> sql  (should be empty)
2020-05-28 14:37:16 INFO  event - CONNECTION URL ----> jdbc:postgresql://localhost:5432/sportify_dev?user=postgres&passwordsql
2020-05-28 14:37:16 INFO  event - PU-Strategy ------> none
2020-05-28 14:44:37 INFO  event - USER -------------> postgres
2020-05-28 14:44:37 INFO  event - PW ------> sql  (should be empty)
2020-05-28 14:44:37 INFO  event - CONNECTION URL ----> jdbc:postgresql://localhost:5432/sportify_dev?user=postgres&passwordsql
2020-05-28 14:44:37 INFO  event - PU-Strategy ------> none
2020-05-28 14:45:37 INFO  event - USER -------------> postgres
2020-05-28 14:45:37 INFO  event - PW ------> sql  (should be empty)
2020-05-28 14:45:37 INFO  event - CONNECTION URL ----> jdbc:postgresql://localhost:5432/sportify_dev?user=postgres&passwordsql
2020-05-28 14:45:37 INFO  event - PU-Strategy ------> none
2020-05-28 14:47:46 INFO  event - USER -------------> postgres
2020-05-28 14:47:46 INFO  event - PW ------> sql  (should be empty)
2020-05-28 14:47:46 INFO  event - CONNECTION URL ----> jdbc:postgresql://localhost:5432/sportify_dev?user=postgres&passwordsql
2020-05-28 14:47:46 INFO  event - PU-Strategy ------> none
2020-05-28 14:50:27 INFO  event - USER -------------> postgres
2020-05-28 14:50:27 INFO  event - PW ------> sql  (should be empty)
2020-05-28 14:50:27 INFO  event - CONNECTION URL ----> jdbc:postgresql://localhost:5432/sportify_dev?user=postgres&passwordsql
2020-05-28 14:50:27 INFO  event - PU-Strategy ------> drop-and-create
2020-05-28 14:55:37 INFO  event - USER -------------> postgres
2020-05-28 14:55:37 INFO  event - PW ------> sql  (should be empty)
2020-05-28 14:55:37 INFO  event - CONNECTION URL ----> jdbc:postgresql://localhost:5432/sportify_dev?user=postgres&passwordsql
2020-05-28 14:55:37 INFO  event - PU-Strategy ------> create
2020-05-28 14:56:16 INFO  event - USER -------------> postgres
2020-05-28 14:56:16 INFO  event - PW ------> sql  (should be empty)
2020-05-28 14:56:16 INFO  event - CONNECTION URL ----> jdbc:postgresql://localhost:5432/sportify_dev?user=postgres&passwordsql
2020-05-28 14:56:16 INFO  event - PU-Strategy ------> create
2020-05-28 15:06:49 INFO  event - USER -------------> postgres
2020-05-28 15:06:49 INFO  event - PW ------> sql  (should be empty)
2020-05-28 15:06:49 INFO  event - CONNECTION URL ----> jdbc:postgresql://localhost:5432/sportify_dev?user=postgres&passwordsql
2020-05-28 15:06:49 INFO  event - PU-Strategy ------> create
2020-05-28 15:15:04 INFO  event - USER -------------> postgres
2020-05-28 15:15:04 INFO  event - PW ------> sql  (should be empty)
2020-05-28 15:15:04 INFO  event - CONNECTION URL ----> jdbc:postgresql://localhost:5432/sportify_dev?user=postgres&passwordsql
2020-05-28 15:15:04 INFO  event - PU-Strategy ------> create
2020-05-28 15:21:22 INFO  event - USER -------------> postgres
2020-05-28 15:21:22 INFO  event - PW ------> sql  (should be empty)
2020-05-28 15:21:22 INFO  event - CONNECTION URL ----> jdbc:postgresql://localhost:5432/sportify_dev?user=postgres&passwordsql
2020-05-28 15:21:22 INFO  event - PU-Strategy ------> create
2020-05-28 15:24:43 INFO  event - USER -------------> postgres
2020-05-28 15:24:43 INFO  event - PW ------> sql  (should be empty)
2020-05-28 15:24:43 INFO  event - CONNECTION URL ----> jdbc:postgresql://localhost:5432/sportify_dev?user=postgres&passwordsql
2020-05-28 15:24:43 INFO  event - PU-Strategy ------> create
2020-05-28 15:28:14 INFO  event - USER -------------> postgres
2020-05-28 15:28:14 INFO  event - PW ------> sql  (should be empty)
2020-05-28 15:28:14 INFO  event - CONNECTION URL ----> jdbc:postgresql://localhost:5432/sportify_dev?user=postgres&passwordsql
2020-05-28 15:28:14 INFO  event - PU-Strategy ------> create
2020-05-28 15:31:05 INFO  event - USER -------------> postgres
2020-05-28 15:31:05 INFO  event - PW ------> sql  (should be empty)
2020-05-28 15:31:05 INFO  event - CONNECTION URL ----> jdbc:postgresql://localhost:5432/sportify_dev?user=postgres&passwordsql
2020-05-28 15:31:05 INFO  event - PU-Strategy ------> create
2020-05-28 15:34:00 INFO  event - USER -------------> postgres
2020-05-28 15:34:00 INFO  event - PW ------> sql  (should be empty)
2020-05-28 15:34:00 INFO  event - CONNECTION URL ----> jdbc:postgresql://localhost:5432/sportify_dev?user=postgres&passwordsql
2020-05-28 15:34:00 INFO  event - PU-Strategy ------> create
2020-05-28 15:35:18 INFO  event - USER -------------> postgres
2020-05-28 15:35:18 INFO  event - PW ------> sql  (should be empty)
2020-05-28 15:35:18 INFO  event - CONNECTION URL ----> jdbc:postgresql://localhost:5432/sportify_dev?user=postgres&passwordsql
2020-05-28 15:35:18 INFO  event - PU-Strategy ------> create
2020-05-28 15:39:17 INFO  event - USER -------------> postgres
2020-05-28 15:39:17 INFO  event - PW ------> sql  (should be empty)
2020-05-28 15:39:17 INFO  event - CONNECTION URL ----> jdbc:postgresql://localhost:5432/sportify_dev?user=postgres&passwordsql
2020-05-28 15:39:17 INFO  event - PU-Strategy ------> create
2020-05-28 15:42:33 INFO  event - USER -------------> postgres
2020-05-28 15:42:33 INFO  event - PW ------> sql  (should be empty)
2020-05-28 15:42:33 INFO  event - CONNECTION URL ----> jdbc:postgresql://localhost:5432/sportify_dev?user=postgres&passwordsql
2020-05-28 15:42:33 INFO  event - PU-Strategy ------> create
2020-05-28 15:45:22 INFO  event - USER -------------> postgres
2020-05-28 15:45:22 INFO  event - PW ------> sql  (should be empty)
2020-05-28 15:45:22 INFO  event - CONNECTION URL ----> jdbc:postgresql://localhost:5432/sportify_dev?user=postgres&passwordsql
2020-05-28 15:45:22 INFO  event - PU-Strategy ------> create
2020-05-28 15:46:45 INFO  event - USER -------------> postgres
2020-05-28 15:46:45 INFO  event - PW ------> sql  (should be empty)
2020-05-28 15:46:45 INFO  event - CONNECTION URL ----> jdbc:postgresql://localhost:5432/sportify_dev?user=postgres&passwordsql
2020-05-28 15:46:45 INFO  event - PU-Strategy ------> create
2020-05-28 15:48:59 INFO  event - USER -------------> postgres
2020-05-28 15:48:59 INFO  event - PW ------> sql  (should be empty)
2020-05-28 15:48:59 INFO  event - CONNECTION URL ----> jdbc:postgresql://localhost:5432/sportify_dev?user=postgres&passwordsql
2020-05-28 15:48:59 INFO  event - PU-Strategy ------> create
2020-05-28 15:50:17 INFO  event - USER -------------> postgres
2020-05-28 15:50:17 INFO  event - PW ------> sql  (should be empty)
2020-05-28 15:50:17 INFO  event - CONNECTION URL ----> jdbc:postgresql://localhost:5432/sportify_dev?user=postgres&passwordsql
2020-05-28 15:50:17 INFO  event - PU-Strategy ------> create
2020-05-28 15:51:33 INFO  event - USER -------------> postgres
2020-05-28 15:51:33 INFO  event - PW ------> sql  (should be empty)
2020-05-28 15:51:33 INFO  event - CONNECTION URL ----> jdbc:postgresql://localhost:5432/sportify_dev?user=postgres&passwordsql
2020-05-28 15:51:33 INFO  event - PU-Strategy ------> create
2020-05-28 15:53:43 INFO  event - USER -------------> postgres
2020-05-28 15:53:43 INFO  event - PW ------> sql  (should be empty)
2020-05-28 15:53:43 INFO  event - CONNECTION URL ----> jdbc:postgresql://localhost:5432/sportify_dev?user=postgres&passwordsql
2020-05-28 15:53:43 INFO  event - PU-Strategy ------> create
2020-05-28 15:54:10 INFO  event - USER -------------> postgres
2020-05-28 15:54:10 INFO  event - PW ------> sql  (should be empty)
2020-05-28 15:54:10 INFO  event - CONNECTION URL ----> jdbc:postgresql://localhost:5432/sportify_dev?user=postgres&passwordsql
2020-05-28 15:54:10 INFO  event - PU-Strategy ------> create
2020-05-28 15:55:29 INFO  event - USER -------------> postgres
2020-05-28 15:55:29 INFO  event - PW ------> sql  (should be empty)
2020-05-28 15:55:29 INFO  event - CONNECTION URL ----> jdbc:postgresql://localhost:5432/sportify_dev?user=postgres&passwordsql
2020-05-28 15:55:29 INFO  event - PU-Strategy ------> create
2020-05-28 15:55:57 INFO  event - USER -------------> postgres
2020-05-28 15:55:57 INFO  event - PW ------> sql  (should be empty)
2020-05-28 15:55:57 INFO  event - CONNECTION URL ----> jdbc:postgresql://localhost:5432/sportify_dev?user=postgres&passwordsql
2020-05-28 15:55:57 INFO  event - PU-Strategy ------> create
2020-05-28 16:00:18 INFO  event - USER -------------> postgres
2020-05-28 16:00:18 INFO  event - PW ------> sql  (should be empty)
2020-05-28 16:00:18 INFO  event - CONNECTION URL ----> jdbc:postgresql://localhost:5432/sportify_dev?user=postgres&passwordsql
2020-05-28 16:00:18 INFO  event - PU-Strategy ------> create
2020-05-28 16:00:23 INFO  event - USER -------------> postgres
2020-05-28 16:00:23 INFO  event - PW ------> sql  (should be empty)
2020-05-28 16:00:23 INFO  event - CONNECTION URL ----> jdbc:postgresql://localhost:5432/sportify_dev?user=postgres&passwordsql
2020-05-28 16:00:23 INFO  event - PU-Strategy ------> create
2020-05-28 16:02:10 INFO  event - USER -------------> postgres
2020-05-28 16:02:10 INFO  event - PW ------> sql  (should be empty)
2020-05-28 16:02:10 INFO  event - CONNECTION URL ----> jdbc:postgresql://localhost:5432/sportify_dev?user=postgres&passwordsql
2020-05-28 16:02:10 INFO  event - PU-Strategy ------> create
2020-05-28 16:02:49 INFO  event - USER -------------> postgres
2020-05-28 16:02:49 INFO  event - PW ------> sql  (should be empty)
2020-05-28 16:02:49 INFO  event - CONNECTION URL ----> jdbc:postgresql://localhost:5432/sportify_dev?user=postgres&passwordsql
2020-05-28 16:02:49 INFO  event - PU-Strategy ------> create
2020-05-28 16:03:43 INFO  event - USER -------------> postgres
2020-05-28 16:03:43 INFO  event - PW ------> sql  (should be empty)
2020-05-28 16:03:43 INFO  event - CONNECTION URL ----> jdbc:postgresql://localhost:5432/sportify_dev?user=postgres&passwordsql
2020-05-28 16:03:43 INFO  event - PU-Strategy ------> create
2020-05-28 16:10:18 INFO  event - USER -------------> postgres
2020-05-28 16:10:18 INFO  event - PW ------> sql  (should be empty)
2020-05-28 16:10:18 INFO  event - CONNECTION URL ----> jdbc:postgresql://localhost:5432/sportify_dev?user=postgres&passwordsql
2020-05-28 16:10:18 INFO  event - PU-Strategy ------> create
2020-05-28 16:11:24 INFO  event - USER -------------> postgres
2020-05-28 16:11:24 INFO  event - PW ------> sql  (should be empty)
2020-05-28 16:11:24 INFO  event - CONNECTION URL ----> jdbc:postgresql://localhost:5432/sportify_dev?user=postgres&passwordsql
2020-05-28 16:11:24 INFO  event - PU-Strategy ------> create
2020-05-28 16:15:02 INFO  event - USER -------------> postgres
2020-05-28 16:15:02 INFO  event - PW ------> sql  (should be empty)
2020-05-28 16:15:02 INFO  event - CONNECTION URL ----> jdbc:postgresql://localhost:5432/sportify_dev?user=postgres&passwordsql
2020-05-28 16:15:02 INFO  event - PU-Strategy ------> create
2020-05-28 16:16:18 INFO  event - USER -------------> postgres
2020-05-28 16:16:18 INFO  event - PW ------> sql  (should be empty)
2020-05-28 16:16:18 INFO  event - CONNECTION URL ----> jdbc:postgresql://localhost:5432/sportify_dev?user=postgres&passwordsql
2020-05-28 16:16:18 INFO  event - PU-Strategy ------> create
2020-05-28 16:18:06 INFO  event - USER -------------> postgres
2020-05-28 16:18:06 INFO  event - PW ------> sql  (should be empty)
2020-05-28 16:18:06 INFO  event - CONNECTION URL ----> jdbc:postgresql://localhost:5432/sportify_dev?user=postgres&passwordsql
2020-05-28 16:18:06 INFO  event - PU-Strategy ------> create
2020-05-28 16:24:28 INFO  event - USER -------------> postgres
2020-05-28 16:24:28 INFO  event - PW ------> sql  (should be empty)
2020-05-28 16:24:28 INFO  event - CONNECTION URL ----> jdbc:postgresql://localhost:5432/sportify_dev?user=postgres&passwordsql
2020-05-28 16:24:28 INFO  event - PU-Strategy ------> create
2020-05-28 16:31:29 INFO  event - USER -------------> postgres
2020-05-28 16:31:29 INFO  event - PW ------> sql  (should be empty)
2020-05-28 16:31:29 INFO  event - CONNECTION URL ----> jdbc:postgresql://localhost:5432/sportify_dev?user=postgres&passwordsql
2020-05-28 16:31:29 INFO  event - PU-Strategy ------> create
2020-05-28 16:32:26 INFO  event - USER -------------> postgres
2020-05-28 16:32:26 INFO  event - PW ------> sql  (should be empty)
2020-05-28 16:32:26 INFO  event - CONNECTION URL ----> jdbc:postgresql://localhost:5432/sportify_dev?user=postgres&passwordsql
2020-05-28 16:32:26 INFO  event - PU-Strategy ------> create
2020-05-28 16:36:08 INFO  event - USER -------------> postgres
2020-05-28 16:36:08 INFO  event - PW ------> sql  (should be empty)
2020-05-28 16:36:08 INFO  event - CONNECTION URL ----> jdbc:postgresql://localhost:5432/sportify_dev?user=postgres&passwordsql
2020-05-28 16:36:08 INFO  event - PU-Strategy ------> create
2020-05-28 16:37:27 INFO  event - USER -------------> postgres
2020-05-28 16:37:27 INFO  event - PW ------> sql  (should be empty)
2020-05-28 16:37:27 INFO  event - CONNECTION URL ----> jdbc:postgresql://localhost:5432/sportify_dev?user=postgres&passwordsql
2020-05-28 16:37:27 INFO  event - PU-Strategy ------> create
2020-05-28 16:39:11 INFO  event - USER -------------> postgres
2020-05-28 16:39:11 INFO  event - PW ------> sql  (should be empty)
2020-05-28 16:39:11 INFO  event - CONNECTION URL ----> jdbc:postgresql://localhost:5432/sportify_dev?user=postgres&passwordsql
2020-05-28 16:39:11 INFO  event - PU-Strategy ------> create
2020-05-28 16:42:43 INFO  event - USER -------------> postgres
2020-05-28 16:42:43 INFO  event - PW ------> sql  (should be empty)
2020-05-28 16:42:43 INFO  event - CONNECTION URL ----> jdbc:postgresql://localhost:5432/sportify_dev?user=postgres&passwordsql
2020-05-28 16:42:43 INFO  event - PU-Strategy ------> create
2020-05-28 16:44:58 INFO  event - USER -------------> postgres
2020-05-28 16:44:58 INFO  event - PW ------> sql  (should be empty)
2020-05-28 16:44:58 INFO  event - CONNECTION URL ----> jdbc:postgresql://localhost:5432/sportify_dev?user=postgres&passwordsql
2020-05-28 16:44:58 INFO  event - PU-Strategy ------> create
2020-05-28 16:46:11 INFO  event - USER -------------> postgres
2020-05-28 16:46:11 INFO  event - PW ------> sql  (should be empty)
2020-05-28 16:46:11 INFO  event - CONNECTION URL ----> jdbc:postgresql://localhost:5432/sportify_dev?user=postgres&passwordsql
2020-05-28 16:46:11 INFO  event - PU-Strategy ------> create
2020-05-28 16:48:07 INFO  event - USER -------------> postgres
2020-05-28 16:48:07 INFO  event - PW ------> sql  (should be empty)
2020-05-28 16:48:07 INFO  event - CONNECTION URL ----> jdbc:postgresql://localhost:5432/sportify_dev?user=postgres&passwordsql
2020-05-28 16:48:07 INFO  event - PU-Strategy ------> create
2020-05-28 16:51:56 INFO  event - USER -------------> postgres
2020-05-28 16:51:56 INFO  event - PW ------> sql  (should be empty)
2020-05-28 16:51:56 INFO  event - CONNECTION URL ----> jdbc:postgresql://localhost:5432/sportify_dev?user=postgres&passwordsql
2020-05-28 16:51:56 INFO  event - PU-Strategy ------> create
